=== EPD run @ 20250824_233053 ===
Source dir : /Users/arunkumarbalaraman/uk_drug_shoratages/SourceData/EnglishPrescriptionData
Patterns   : ('EPD_*.csv',)
Period     : 202301 → 202505
Chunk size : 3000000
[FILE] EPD_202301.csv
  raw_row_count   : 17,837,217
  present_columns : ['YEAR_MONTH', 'REGIONAL_OFFICE_NAME', 'REGIONAL_OFFICE_CODE', 'ICB_NAME', 'ICB_CODE', 'PCO_NAME', 'PCO_CODE', 'PRACTICE_NAME', 'PRACTICE_CODE', 'ADDRESS_1', 'ADDRESS_2', 'ADDRESS_3', 'ADDRESS_4', 'POSTCODE', 'BNF_CHEMICAL_SUBSTANCE', 'CHEMICAL_SUBSTANCE_BNF_DESCR', 'BNF_CODE', 'BNF_DESCRIPTION', 'BNF_CHAPTER_PLUS_CODE', 'QUANTITY', 'ITEMS', 'TOTAL_QUANTITY', 'ADQUSAGE', 'NIC', 'ACTUAL_COST', 'UNIDENTIFIED']
  columns_added   : ['REGION_NAME', 'REGION_CODE']
  columns_dropped : ['REGIONAL_OFFICE_NAME', 'REGIONAL_OFFICE_CODE', 'PCO_NAME', 'PCO_CODE', 'PRACTICE_NAME', 'PRACTICE_CODE', 'ADDRESS_1', 'ADDRESS_2', 'ADDRESS_3', 'ADDRESS_4', 'POSTCODE', 'BNF_CHEMICAL_SUBSTANCE', 'CHEMICAL_SUBSTANCE_BNF_DESCR', 'BNF_DESCRIPTION', 'BNF_CHAPTER_PLUS_CODE', 'UNIDENTIFIED']
[FILE] EPD_202302.csv
  raw_row_count   : 17,238,532
  present_columns : ['YEAR_MONTH', 'REGIONAL_OFFICE_NAME', 'REGIONAL_OFFICE_CODE', 'ICB_NAME', 'ICB_CODE', 'PCO_NAME', 'PCO_CODE', 'PRACTICE_NAME', 'PRACTICE_CODE', 'ADDRESS_1', 'ADDRESS_2', 'ADDRESS_3', 'ADDRESS_4', 'POSTCODE', 'BNF_CHEMICAL_SUBSTANCE', 'CHEMICAL_SUBSTANCE_BNF_DESCR', 'BNF_CODE', 'BNF_DESCRIPTION', 'BNF_CHAPTER_PLUS_CODE', 'QUANTITY', 'ITEMS', 'TOTAL_QUANTITY', 'ADQUSAGE', 'NIC', 'ACTUAL_COST', 'UNIDENTIFIED']
  columns_added   : ['REGION_NAME', 'REGION_CODE']
  columns_dropped : ['REGIONAL_OFFICE_NAME', 'REGIONAL_OFFICE_CODE', 'PCO_NAME', 'PCO_CODE', 'PRACTICE_NAME', 'PRACTICE_CODE', 'ADDRESS_1', 'ADDRESS_2', 'ADDRESS_3', 'ADDRESS_4', 'POSTCODE', 'BNF_CHEMICAL_SUBSTANCE', 'CHEMICAL_SUBSTANCE_BNF_DESCR', 'BNF_DESCRIPTION', 'BNF_CHAPTER_PLUS_CODE', 'UNIDENTIFIED']
[FILE] EPD_202303.csv
  raw_row_count   : 18,170,120
  present_columns : ['YEAR_MONTH', 'REGIONAL_OFFICE_NAME', 'REGIONAL_OFFICE_CODE', 'ICB_NAME', 'ICB_CODE', 'PCO_NAME', 'PCO_CODE', 'PRACTICE_NAME', 'PRACTICE_CODE', 'ADDRESS_1', 'ADDRESS_2', 'ADDRESS_3', 'ADDRESS_4', 'POSTCODE', 'BNF_CHEMICAL_SUBSTANCE', 'CHEMICAL_SUBSTANCE_BNF_DESCR', 'BNF_CODE', 'BNF_DESCRIPTION', 'BNF_CHAPTER_PLUS_CODE', 'QUANTITY', 'ITEMS', 'TOTAL_QUANTITY', 'ADQUSAGE', 'NIC', 'ACTUAL_COST', 'UNIDENTIFIED']
  columns_added   : ['REGION_NAME', 'REGION_CODE']
  columns_dropped : ['REGIONAL_OFFICE_NAME', 'REGIONAL_OFFICE_CODE', 'PCO_NAME', 'PCO_CODE', 'PRACTICE_NAME', 'PRACTICE_CODE', 'ADDRESS_1', 'ADDRESS_2', 'ADDRESS_3', 'ADDRESS_4', 'POSTCODE', 'BNF_CHEMICAL_SUBSTANCE', 'CHEMICAL_SUBSTANCE_BNF_DESCR', 'BNF_DESCRIPTION', 'BNF_CHAPTER_PLUS_CODE', 'UNIDENTIFIED']
[FILE] EPD_202304.csv
  raw_row_count   : 17,229,241
  present_columns : ['YEAR_MONTH', 'REGIONAL_OFFICE_NAME', 'REGIONAL_OFFICE_CODE', 'ICB_NAME', 'ICB_CODE', 'PCO_NAME', 'PCO_CODE', 'PRACTICE_NAME', 'PRACTICE_CODE', 'ADDRESS_1', 'ADDRESS_2', 'ADDRESS_3', 'ADDRESS_4', 'POSTCODE', 'BNF_CHEMICAL_SUBSTANCE', 'CHEMICAL_SUBSTANCE_BNF_DESCR', 'BNF_CODE', 'BNF_DESCRIPTION', 'BNF_CHAPTER_PLUS_CODE', 'QUANTITY', 'ITEMS', 'TOTAL_QUANTITY', 'ADQUSAGE', 'NIC', 'ACTUAL_COST', 'UNIDENTIFIED']
  columns_added   : ['REGION_NAME', 'REGION_CODE']
  columns_dropped : ['REGIONAL_OFFICE_NAME', 'REGIONAL_OFFICE_CODE', 'PCO_NAME', 'PCO_CODE', 'PRACTICE_NAME', 'PRACTICE_CODE', 'ADDRESS_1', 'ADDRESS_2', 'ADDRESS_3', 'ADDRESS_4', 'POSTCODE', 'BNF_CHEMICAL_SUBSTANCE', 'CHEMICAL_SUBSTANCE_BNF_DESCR', 'BNF_DESCRIPTION', 'BNF_CHAPTER_PLUS_CODE', 'UNIDENTIFIED']
[FILE] EPD_202305.csv
  raw_row_count   : 17,818,253
  present_columns : ['YEAR_MONTH', 'REGIONAL_OFFICE_NAME', 'REGIONAL_OFFICE_CODE', 'ICB_NAME', 'ICB_CODE', 'PCO_NAME', 'PCO_CODE', 'PRACTICE_NAME', 'PRACTICE_CODE', 'ADDRESS_1', 'ADDRESS_2', 'ADDRESS_3', 'ADDRESS_4', 'POSTCODE', 'BNF_CHEMICAL_SUBSTANCE', 'CHEMICAL_SUBSTANCE_BNF_DESCR', 'BNF_CODE', 'BNF_DESCRIPTION', 'BNF_CHAPTER_PLUS_CODE', 'QUANTITY', 'ITEMS', 'TOTAL_QUANTITY', 'ADQUSAGE', 'NIC', 'ACTUAL_COST', 'UNIDENTIFIED']
  columns_added   : ['REGION_NAME', 'REGION_CODE']
  columns_dropped : ['REGIONAL_OFFICE_NAME', 'REGIONAL_OFFICE_CODE', 'PCO_NAME', 'PCO_CODE', 'PRACTICE_NAME', 'PRACTICE_CODE', 'ADDRESS_1', 'ADDRESS_2', 'ADDRESS_3', 'ADDRESS_4', 'POSTCODE', 'BNF_CHEMICAL_SUBSTANCE', 'CHEMICAL_SUBSTANCE_BNF_DESCR', 'BNF_DESCRIPTION', 'BNF_CHAPTER_PLUS_CODE', 'UNIDENTIFIED']
[FILE] EPD_202306.csv
  raw_row_count   : 18,032,969
  present_columns : ['YEAR_MONTH', 'REGIONAL_OFFICE_NAME', 'REGIONAL_OFFICE_CODE', 'ICB_NAME', 'ICB_CODE', 'PCO_NAME', 'PCO_CODE', 'PRACTICE_NAME', 'PRACTICE_CODE', 'ADDRESS_1', 'ADDRESS_2', 'ADDRESS_3', 'ADDRESS_4', 'POSTCODE', 'BNF_CHEMICAL_SUBSTANCE', 'CHEMICAL_SUBSTANCE_BNF_DESCR', 'BNF_CODE', 'BNF_DESCRIPTION', 'BNF_CHAPTER_PLUS_CODE', 'QUANTITY', 'ITEMS', 'TOTAL_QUANTITY', 'ADQUSAGE', 'NIC', 'ACTUAL_COST', 'UNIDENTIFIED']
  columns_added   : ['REGION_NAME', 'REGION_CODE']
  columns_dropped : ['REGIONAL_OFFICE_NAME', 'REGIONAL_OFFICE_CODE', 'PCO_NAME', 'PCO_CODE', 'PRACTICE_NAME', 'PRACTICE_CODE', 'ADDRESS_1', 'ADDRESS_2', 'ADDRESS_3', 'ADDRESS_4', 'POSTCODE', 'BNF_CHEMICAL_SUBSTANCE', 'CHEMICAL_SUBSTANCE_BNF_DESCR', 'BNF_DESCRIPTION', 'BNF_CHAPTER_PLUS_CODE', 'UNIDENTIFIED']
[FILE] EPD_202307.csv
  raw_row_count   : 17,815,410
  present_columns : ['YEAR_MONTH', 'REGIONAL_OFFICE_NAME', 'REGIONAL_OFFICE_CODE', 'ICB_NAME', 'ICB_CODE', 'PCO_NAME', 'PCO_CODE', 'PRACTICE_NAME', 'PRACTICE_CODE', 'ADDRESS_1', 'ADDRESS_2', 'ADDRESS_3', 'ADDRESS_4', 'POSTCODE', 'BNF_CHEMICAL_SUBSTANCE', 'CHEMICAL_SUBSTANCE_BNF_DESCR', 'BNF_CODE', 'BNF_DESCRIPTION', 'BNF_CHAPTER_PLUS_CODE', 'QUANTITY', 'ITEMS', 'TOTAL_QUANTITY', 'ADQUSAGE', 'NIC', 'ACTUAL_COST', 'UNIDENTIFIED']
  columns_added   : ['REGION_NAME', 'REGION_CODE']
  columns_dropped : ['REGIONAL_OFFICE_NAME', 'REGIONAL_OFFICE_CODE', 'PCO_NAME', 'PCO_CODE', 'PRACTICE_NAME', 'PRACTICE_CODE', 'ADDRESS_1', 'ADDRESS_2', 'ADDRESS_3', 'ADDRESS_4', 'POSTCODE', 'BNF_CHEMICAL_SUBSTANCE', 'CHEMICAL_SUBSTANCE_BNF_DESCR', 'BNF_DESCRIPTION', 'BNF_CHAPTER_PLUS_CODE', 'UNIDENTIFIED']
[FILE] EPD_202308.csv
  raw_row_count   : 17,789,117
  present_columns : ['YEAR_MONTH', 'REGIONAL_OFFICE_NAME', 'REGIONAL_OFFICE_CODE', 'ICB_NAME', 'ICB_CODE', 'PCO_NAME', 'PCO_CODE', 'PRACTICE_NAME', 'PRACTICE_CODE', 'ADDRESS_1', 'ADDRESS_2', 'ADDRESS_3', 'ADDRESS_4', 'POSTCODE', 'BNF_CHEMICAL_SUBSTANCE', 'CHEMICAL_SUBSTANCE_BNF_DESCR', 'BNF_CODE', 'BNF_DESCRIPTION', 'BNF_CHAPTER_PLUS_CODE', 'QUANTITY', 'ITEMS', 'TOTAL_QUANTITY', 'ADQUSAGE', 'NIC', 'ACTUAL_COST', 'UNIDENTIFIED']
  columns_added   : ['REGION_NAME', 'REGION_CODE']
  columns_dropped : ['REGIONAL_OFFICE_NAME', 'REGIONAL_OFFICE_CODE', 'PCO_NAME', 'PCO_CODE', 'PRACTICE_NAME', 'PRACTICE_CODE', 'ADDRESS_1', 'ADDRESS_2', 'ADDRESS_3', 'ADDRESS_4', 'POSTCODE', 'BNF_CHEMICAL_SUBSTANCE', 'CHEMICAL_SUBSTANCE_BNF_DESCR', 'BNF_DESCRIPTION', 'BNF_CHAPTER_PLUS_CODE', 'UNIDENTIFIED']
[FILE] EPD_202309.csv
  raw_row_count   : 17,740,980
  present_columns : ['YEAR_MONTH', 'REGIONAL_OFFICE_NAME', 'REGIONAL_OFFICE_CODE', 'ICB_NAME', 'ICB_CODE', 'PCO_NAME', 'PCO_CODE', 'PRACTICE_NAME', 'PRACTICE_CODE', 'ADDRESS_1', 'ADDRESS_2', 'ADDRESS_3', 'ADDRESS_4', 'POSTCODE', 'BNF_CHEMICAL_SUBSTANCE', 'CHEMICAL_SUBSTANCE_BNF_DESCR', 'BNF_CODE', 'BNF_DESCRIPTION', 'BNF_CHAPTER_PLUS_CODE', 'QUANTITY', 'ITEMS', 'TOTAL_QUANTITY', 'ADQUSAGE', 'NIC', 'ACTUAL_COST', 'UNIDENTIFIED']
  columns_added   : ['REGION_NAME', 'REGION_CODE']
  columns_dropped : ['REGIONAL_OFFICE_NAME', 'REGIONAL_OFFICE_CODE', 'PCO_NAME', 'PCO_CODE', 'PRACTICE_NAME', 'PRACTICE_CODE', 'ADDRESS_1', 'ADDRESS_2', 'ADDRESS_3', 'ADDRESS_4', 'POSTCODE', 'BNF_CHEMICAL_SUBSTANCE', 'CHEMICAL_SUBSTANCE_BNF_DESCR', 'BNF_DESCRIPTION', 'BNF_CHAPTER_PLUS_CODE', 'UNIDENTIFIED']
[FILE] EPD_202310.csv
  raw_row_count   : 17,800,465
  present_columns : ['YEAR_MONTH', 'REGIONAL_OFFICE_NAME', 'REGIONAL_OFFICE_CODE', 'ICB_NAME', 'ICB_CODE', 'PCO_NAME', 'PCO_CODE', 'PRACTICE_NAME', 'PRACTICE_CODE', 'ADDRESS_1', 'ADDRESS_2', 'ADDRESS_3', 'ADDRESS_4', 'POSTCODE', 'BNF_CHEMICAL_SUBSTANCE', 'CHEMICAL_SUBSTANCE_BNF_DESCR', 'BNF_CODE', 'BNF_DESCRIPTION', 'BNF_CHAPTER_PLUS_CODE', 'QUANTITY', 'ITEMS', 'TOTAL_QUANTITY', 'ADQUSAGE', 'NIC', 'ACTUAL_COST', 'UNIDENTIFIED']
  columns_added   : ['REGION_NAME', 'REGION_CODE']
  columns_dropped : ['REGIONAL_OFFICE_NAME', 'REGIONAL_OFFICE_CODE', 'PCO_NAME', 'PCO_CODE', 'PRACTICE_NAME', 'PRACTICE_CODE', 'ADDRESS_1', 'ADDRESS_2', 'ADDRESS_3', 'ADDRESS_4', 'POSTCODE', 'BNF_CHEMICAL_SUBSTANCE', 'CHEMICAL_SUBSTANCE_BNF_DESCR', 'BNF_DESCRIPTION', 'BNF_CHAPTER_PLUS_CODE', 'UNIDENTIFIED']
[FILE] EPD_202311.csv
  raw_row_count   : 17,918,320
  present_columns : ['YEAR_MONTH', 'REGIONAL_OFFICE_NAME', 'REGIONAL_OFFICE_CODE', 'ICB_NAME', 'ICB_CODE', 'PCO_NAME', 'PCO_CODE', 'PRACTICE_NAME', 'PRACTICE_CODE', 'ADDRESS_1', 'ADDRESS_2', 'ADDRESS_3', 'ADDRESS_4', 'POSTCODE', 'BNF_CHEMICAL_SUBSTANCE', 'CHEMICAL_SUBSTANCE_BNF_DESCR', 'BNF_CODE', 'BNF_DESCRIPTION', 'BNF_CHAPTER_PLUS_CODE', 'QUANTITY', 'ITEMS', 'TOTAL_QUANTITY', 'ADQUSAGE', 'NIC', 'ACTUAL_COST', 'UNIDENTIFIED']
  columns_added   : ['REGION_NAME', 'REGION_CODE']
  columns_dropped : ['REGIONAL_OFFICE_NAME', 'REGIONAL_OFFICE_CODE', 'PCO_NAME', 'PCO_CODE', 'PRACTICE_NAME', 'PRACTICE_CODE', 'ADDRESS_1', 'ADDRESS_2', 'ADDRESS_3', 'ADDRESS_4', 'POSTCODE', 'BNF_CHEMICAL_SUBSTANCE', 'CHEMICAL_SUBSTANCE_BNF_DESCR', 'BNF_DESCRIPTION', 'BNF_CHAPTER_PLUS_CODE', 'UNIDENTIFIED']
[FILE] EPD_202312.csv
  raw_row_count   : 17,764,686
  present_columns : ['YEAR_MONTH', 'REGIONAL_OFFICE_NAME', 'REGIONAL_OFFICE_CODE', 'ICB_NAME', 'ICB_CODE', 'PCO_NAME', 'PCO_CODE', 'PRACTICE_NAME', 'PRACTICE_CODE', 'ADDRESS_1', 'ADDRESS_2', 'ADDRESS_3', 'ADDRESS_4', 'POSTCODE', 'BNF_CHEMICAL_SUBSTANCE', 'CHEMICAL_SUBSTANCE_BNF_DESCR', 'BNF_CODE', 'BNF_DESCRIPTION', 'BNF_CHAPTER_PLUS_CODE', 'QUANTITY', 'ITEMS', 'TOTAL_QUANTITY', 'ADQUSAGE', 'NIC', 'ACTUAL_COST', 'UNIDENTIFIED']
  columns_added   : ['REGION_NAME', 'REGION_CODE']
  columns_dropped : ['REGIONAL_OFFICE_NAME', 'REGIONAL_OFFICE_CODE', 'PCO_NAME', 'PCO_CODE', 'PRACTICE_NAME', 'PRACTICE_CODE', 'ADDRESS_1', 'ADDRESS_2', 'ADDRESS_3', 'ADDRESS_4', 'POSTCODE', 'BNF_CHEMICAL_SUBSTANCE', 'CHEMICAL_SUBSTANCE_BNF_DESCR', 'BNF_DESCRIPTION', 'BNF_CHAPTER_PLUS_CODE', 'UNIDENTIFIED']
[FILE] EPD_202401.csv
  raw_row_count   : 18,080,573
  present_columns : ['YEAR_MONTH', 'REGIONAL_OFFICE_NAME', 'REGIONAL_OFFICE_CODE', 'ICB_NAME', 'ICB_CODE', 'PCO_NAME', 'PCO_CODE', 'PRACTICE_NAME', 'PRACTICE_CODE', 'ADDRESS_1', 'ADDRESS_2', 'ADDRESS_3', 'ADDRESS_4', 'POSTCODE', 'BNF_CHEMICAL_SUBSTANCE', 'CHEMICAL_SUBSTANCE_BNF_DESCR', 'BNF_CODE', 'BNF_DESCRIPTION', 'BNF_CHAPTER_PLUS_CODE', 'QUANTITY', 'ITEMS', 'TOTAL_QUANTITY', 'ADQUSAGE', 'NIC', 'ACTUAL_COST', 'UNIDENTIFIED']
  columns_added   : ['REGION_NAME', 'REGION_CODE']
  columns_dropped : ['REGIONAL_OFFICE_NAME', 'REGIONAL_OFFICE_CODE', 'PCO_NAME', 'PCO_CODE', 'PRACTICE_NAME', 'PRACTICE_CODE', 'ADDRESS_1', 'ADDRESS_2', 'ADDRESS_3', 'ADDRESS_4', 'POSTCODE', 'BNF_CHEMICAL_SUBSTANCE', 'CHEMICAL_SUBSTANCE_BNF_DESCR', 'BNF_DESCRIPTION', 'BNF_CHAPTER_PLUS_CODE', 'UNIDENTIFIED']
[FILE] EPD_202402.csv
  raw_row_count   : 17,651,709
  present_columns : ['YEAR_MONTH', 'REGIONAL_OFFICE_NAME', 'REGIONAL_OFFICE_CODE', 'ICB_NAME', 'ICB_CODE', 'PCO_NAME', 'PCO_CODE', 'PRACTICE_NAME', 'PRACTICE_CODE', 'ADDRESS_1', 'ADDRESS_2', 'ADDRESS_3', 'ADDRESS_4', 'POSTCODE', 'BNF_CHEMICAL_SUBSTANCE', 'CHEMICAL_SUBSTANCE_BNF_DESCR', 'BNF_CODE', 'BNF_DESCRIPTION', 'BNF_CHAPTER_PLUS_CODE', 'QUANTITY', 'ITEMS', 'TOTAL_QUANTITY', 'ADQUSAGE', 'NIC', 'ACTUAL_COST', 'UNIDENTIFIED']
  columns_added   : ['REGION_NAME', 'REGION_CODE']
  columns_dropped : ['REGIONAL_OFFICE_NAME', 'REGIONAL_OFFICE_CODE', 'PCO_NAME', 'PCO_CODE', 'PRACTICE_NAME', 'PRACTICE_CODE', 'ADDRESS_1', 'ADDRESS_2', 'ADDRESS_3', 'ADDRESS_4', 'POSTCODE', 'BNF_CHEMICAL_SUBSTANCE', 'CHEMICAL_SUBSTANCE_BNF_DESCR', 'BNF_DESCRIPTION', 'BNF_CHAPTER_PLUS_CODE', 'UNIDENTIFIED']
[FILE] EPD_202403.csv
  raw_row_count   : 17,779,549
  present_columns : ['YEAR_MONTH', 'REGIONAL_OFFICE_NAME', 'REGIONAL_OFFICE_CODE', 'ICB_NAME', 'ICB_CODE', 'PCO_NAME', 'PCO_CODE', 'PRACTICE_NAME', 'PRACTICE_CODE', 'ADDRESS_1', 'ADDRESS_2', 'ADDRESS_3', 'ADDRESS_4', 'POSTCODE', 'BNF_CHEMICAL_SUBSTANCE', 'CHEMICAL_SUBSTANCE_BNF_DESCR', 'BNF_CODE', 'BNF_DESCRIPTION', 'BNF_CHAPTER_PLUS_CODE', 'QUANTITY', 'ITEMS', 'TOTAL_QUANTITY', 'ADQUSAGE', 'NIC', 'ACTUAL_COST', 'UNIDENTIFIED']
  columns_added   : ['REGION_NAME', 'REGION_CODE']
  columns_dropped : ['REGIONAL_OFFICE_NAME', 'REGIONAL_OFFICE_CODE', 'PCO_NAME', 'PCO_CODE', 'PRACTICE_NAME', 'PRACTICE_CODE', 'ADDRESS_1', 'ADDRESS_2', 'ADDRESS_3', 'ADDRESS_4', 'POSTCODE', 'BNF_CHEMICAL_SUBSTANCE', 'CHEMICAL_SUBSTANCE_BNF_DESCR', 'BNF_DESCRIPTION', 'BNF_CHAPTER_PLUS_CODE', 'UNIDENTIFIED']
[FILE] EPD_202404.csv
  raw_row_count   : 18,042,595
  present_columns : ['YEAR_MONTH', 'REGIONAL_OFFICE_NAME', 'REGIONAL_OFFICE_CODE', 'ICB_NAME', 'ICB_CODE', 'PCO_NAME', 'PCO_CODE', 'PRACTICE_NAME', 'PRACTICE_CODE', 'ADDRESS_1', 'ADDRESS_2', 'ADDRESS_3', 'ADDRESS_4', 'POSTCODE', 'BNF_CHEMICAL_SUBSTANCE', 'CHEMICAL_SUBSTANCE_BNF_DESCR', 'BNF_CODE', 'BNF_DESCRIPTION', 'BNF_CHAPTER_PLUS_CODE', 'QUANTITY', 'ITEMS', 'TOTAL_QUANTITY', 'ADQUSAGE', 'NIC', 'ACTUAL_COST', 'UNIDENTIFIED']
  columns_added   : ['REGION_NAME', 'REGION_CODE']
  columns_dropped : ['REGIONAL_OFFICE_NAME', 'REGIONAL_OFFICE_CODE', 'PCO_NAME', 'PCO_CODE', 'PRACTICE_NAME', 'PRACTICE_CODE', 'ADDRESS_1', 'ADDRESS_2', 'ADDRESS_3', 'ADDRESS_4', 'POSTCODE', 'BNF_CHEMICAL_SUBSTANCE', 'CHEMICAL_SUBSTANCE_BNF_DESCR', 'BNF_DESCRIPTION', 'BNF_CHAPTER_PLUS_CODE', 'UNIDENTIFIED']
[FILE] EPD_202405.csv
  raw_row_count   : 18,143,434
  present_columns : ['YEAR_MONTH', 'REGIONAL_OFFICE_NAME', 'REGIONAL_OFFICE_CODE', 'ICB_NAME', 'ICB_CODE', 'PCO_NAME', 'PCO_CODE', 'PRACTICE_NAME', 'PRACTICE_CODE', 'ADDRESS_1', 'ADDRESS_2', 'ADDRESS_3', 'ADDRESS_4', 'POSTCODE', 'BNF_CHEMICAL_SUBSTANCE', 'CHEMICAL_SUBSTANCE_BNF_DESCR', 'BNF_CODE', 'BNF_DESCRIPTION', 'BNF_CHAPTER_PLUS_CODE', 'QUANTITY', 'ITEMS', 'TOTAL_QUANTITY', 'ADQUSAGE', 'NIC', 'ACTUAL_COST', 'UNIDENTIFIED']
  columns_added   : ['REGION_NAME', 'REGION_CODE']
  columns_dropped : ['REGIONAL_OFFICE_NAME', 'REGIONAL_OFFICE_CODE', 'PCO_NAME', 'PCO_CODE', 'PRACTICE_NAME', 'PRACTICE_CODE', 'ADDRESS_1', 'ADDRESS_2', 'ADDRESS_3', 'ADDRESS_4', 'POSTCODE', 'BNF_CHEMICAL_SUBSTANCE', 'CHEMICAL_SUBSTANCE_BNF_DESCR', 'BNF_DESCRIPTION', 'BNF_CHAPTER_PLUS_CODE', 'UNIDENTIFIED']
[FILE] EPD_202406.csv
  raw_row_count   : 17,776,026
  present_columns : ['YEAR_MONTH', 'REGIONAL_OFFICE_NAME', 'REGIONAL_OFFICE_CODE', 'ICB_NAME', 'ICB_CODE', 'PCO_NAME', 'PCO_CODE', 'PRACTICE_NAME', 'PRACTICE_CODE', 'ADDRESS_1', 'ADDRESS_2', 'ADDRESS_3', 'ADDRESS_4', 'POSTCODE', 'BNF_CHEMICAL_SUBSTANCE', 'CHEMICAL_SUBSTANCE_BNF_DESCR', 'BNF_CODE', 'BNF_DESCRIPTION', 'BNF_CHAPTER_PLUS_CODE', 'QUANTITY', 'ITEMS', 'TOTAL_QUANTITY', 'ADQUSAGE', 'NIC', 'ACTUAL_COST', 'UNIDENTIFIED']
  columns_added   : ['REGION_NAME', 'REGION_CODE']
  columns_dropped : ['REGIONAL_OFFICE_NAME', 'REGIONAL_OFFICE_CODE', 'PCO_NAME', 'PCO_CODE', 'PRACTICE_NAME', 'PRACTICE_CODE', 'ADDRESS_1', 'ADDRESS_2', 'ADDRESS_3', 'ADDRESS_4', 'POSTCODE', 'BNF_CHEMICAL_SUBSTANCE', 'CHEMICAL_SUBSTANCE_BNF_DESCR', 'BNF_DESCRIPTION', 'BNF_CHAPTER_PLUS_CODE', 'UNIDENTIFIED']
[FILE] EPD_202407.csv
  raw_row_count   : 18,320,862
  present_columns : ['YEAR_MONTH', 'REGIONAL_OFFICE_NAME', 'REGIONAL_OFFICE_CODE', 'ICB_NAME', 'ICB_CODE', 'PCO_NAME', 'PCO_CODE', 'PRACTICE_NAME', 'PRACTICE_CODE', 'ADDRESS_1', 'ADDRESS_2', 'ADDRESS_3', 'ADDRESS_4', 'POSTCODE', 'BNF_CHEMICAL_SUBSTANCE', 'CHEMICAL_SUBSTANCE_BNF_DESCR', 'BNF_CODE', 'BNF_DESCRIPTION', 'BNF_CHAPTER_PLUS_CODE', 'QUANTITY', 'ITEMS', 'TOTAL_QUANTITY', 'ADQUSAGE', 'NIC', 'ACTUAL_COST', 'UNIDENTIFIED']
  columns_added   : ['REGION_NAME', 'REGION_CODE']
  columns_dropped : ['REGIONAL_OFFICE_NAME', 'REGIONAL_OFFICE_CODE', 'PCO_NAME', 'PCO_CODE', 'PRACTICE_NAME', 'PRACTICE_CODE', 'ADDRESS_1', 'ADDRESS_2', 'ADDRESS_3', 'ADDRESS_4', 'POSTCODE', 'BNF_CHEMICAL_SUBSTANCE', 'CHEMICAL_SUBSTANCE_BNF_DESCR', 'BNF_DESCRIPTION', 'BNF_CHAPTER_PLUS_CODE', 'UNIDENTIFIED']
[FILE] EPD_202408.csv
  raw_row_count   : 17,929,617
  present_columns : ['YEAR_MONTH', 'REGIONAL_OFFICE_NAME', 'REGIONAL_OFFICE_CODE', 'ICB_NAME', 'ICB_CODE', 'PCO_NAME', 'PCO_CODE', 'PRACTICE_NAME', 'PRACTICE_CODE', 'ADDRESS_1', 'ADDRESS_2', 'ADDRESS_3', 'ADDRESS_4', 'POSTCODE', 'BNF_CHEMICAL_SUBSTANCE', 'CHEMICAL_SUBSTANCE_BNF_DESCR', 'BNF_CODE', 'BNF_DESCRIPTION', 'BNF_CHAPTER_PLUS_CODE', 'QUANTITY', 'ITEMS', 'TOTAL_QUANTITY', 'ADQUSAGE', 'NIC', 'ACTUAL_COST', 'UNIDENTIFIED']
  columns_added   : ['REGION_NAME', 'REGION_CODE']
  columns_dropped : ['REGIONAL_OFFICE_NAME', 'REGIONAL_OFFICE_CODE', 'PCO_NAME', 'PCO_CODE', 'PRACTICE_NAME', 'PRACTICE_CODE', 'ADDRESS_1', 'ADDRESS_2', 'ADDRESS_3', 'ADDRESS_4', 'POSTCODE', 'BNF_CHEMICAL_SUBSTANCE', 'CHEMICAL_SUBSTANCE_BNF_DESCR', 'BNF_DESCRIPTION', 'BNF_CHAPTER_PLUS_CODE', 'UNIDENTIFIED']
[FILE] EPD_202409.csv
  raw_row_count   : 17,851,377
  present_columns : ['YEAR_MONTH', 'REGIONAL_OFFICE_NAME', 'REGIONAL_OFFICE_CODE', 'ICB_NAME', 'ICB_CODE', 'PCO_NAME', 'PCO_CODE', 'PRACTICE_NAME', 'PRACTICE_CODE', 'ADDRESS_1', 'ADDRESS_2', 'ADDRESS_3', 'ADDRESS_4', 'POSTCODE', 'BNF_CHEMICAL_SUBSTANCE', 'CHEMICAL_SUBSTANCE_BNF_DESCR', 'BNF_CODE', 'BNF_DESCRIPTION', 'BNF_CHAPTER_PLUS_CODE', 'QUANTITY', 'ITEMS', 'TOTAL_QUANTITY', 'ADQUSAGE', 'NIC', 'ACTUAL_COST', 'UNIDENTIFIED']
  columns_added   : ['REGION_NAME', 'REGION_CODE']
  columns_dropped : ['REGIONAL_OFFICE_NAME', 'REGIONAL_OFFICE_CODE', 'PCO_NAME', 'PCO_CODE', 'PRACTICE_NAME', 'PRACTICE_CODE', 'ADDRESS_1', 'ADDRESS_2', 'ADDRESS_3', 'ADDRESS_4', 'POSTCODE', 'BNF_CHEMICAL_SUBSTANCE', 'CHEMICAL_SUBSTANCE_BNF_DESCR', 'BNF_DESCRIPTION', 'BNF_CHAPTER_PLUS_CODE', 'UNIDENTIFIED']
[FILE] EPD_202410.csv
  raw_row_count   : 18,265,323
  present_columns : ['YEAR_MONTH', 'REGIONAL_OFFICE_NAME', 'REGIONAL_OFFICE_CODE', 'ICB_NAME', 'ICB_CODE', 'PCO_NAME', 'PCO_CODE', 'PRACTICE_NAME', 'PRACTICE_CODE', 'ADDRESS_1', 'ADDRESS_2', 'ADDRESS_3', 'ADDRESS_4', 'POSTCODE', 'BNF_CHEMICAL_SUBSTANCE', 'CHEMICAL_SUBSTANCE_BNF_DESCR', 'BNF_CODE', 'BNF_DESCRIPTION', 'BNF_CHAPTER_PLUS_CODE', 'QUANTITY', 'ITEMS', 'TOTAL_QUANTITY', 'ADQUSAGE', 'NIC', 'ACTUAL_COST', 'UNIDENTIFIED']
  columns_added   : ['REGION_NAME', 'REGION_CODE']
  columns_dropped : ['REGIONAL_OFFICE_NAME', 'REGIONAL_OFFICE_CODE', 'PCO_NAME', 'PCO_CODE', 'PRACTICE_NAME', 'PRACTICE_CODE', 'ADDRESS_1', 'ADDRESS_2', 'ADDRESS_3', 'ADDRESS_4', 'POSTCODE', 'BNF_CHEMICAL_SUBSTANCE', 'CHEMICAL_SUBSTANCE_BNF_DESCR', 'BNF_DESCRIPTION', 'BNF_CHAPTER_PLUS_CODE', 'UNIDENTIFIED']
[FILE] EPD_202411.csv
  raw_row_count   : 17,976,109
  present_columns : ['YEAR_MONTH', 'REGIONAL_OFFICE_NAME', 'REGIONAL_OFFICE_CODE', 'ICB_NAME', 'ICB_CODE', 'PCO_NAME', 'PCO_CODE', 'PRACTICE_NAME', 'PRACTICE_CODE', 'ADDRESS_1', 'ADDRESS_2', 'ADDRESS_3', 'ADDRESS_4', 'POSTCODE', 'BNF_CHEMICAL_SUBSTANCE', 'CHEMICAL_SUBSTANCE_BNF_DESCR', 'BNF_CODE', 'BNF_DESCRIPTION', 'BNF_CHAPTER_PLUS_CODE', 'QUANTITY', 'ITEMS', 'TOTAL_QUANTITY', 'ADQUSAGE', 'NIC', 'ACTUAL_COST', 'UNIDENTIFIED']
  columns_added   : ['REGION_NAME', 'REGION_CODE']
  columns_dropped : ['REGIONAL_OFFICE_NAME', 'REGIONAL_OFFICE_CODE', 'PCO_NAME', 'PCO_CODE', 'PRACTICE_NAME', 'PRACTICE_CODE', 'ADDRESS_1', 'ADDRESS_2', 'ADDRESS_3', 'ADDRESS_4', 'POSTCODE', 'BNF_CHEMICAL_SUBSTANCE', 'CHEMICAL_SUBSTANCE_BNF_DESCR', 'BNF_DESCRIPTION', 'BNF_CHAPTER_PLUS_CODE', 'UNIDENTIFIED']
[FILE] EPD_202412.csv
  raw_row_count   : 18,033,286
  present_columns : ['YEAR_MONTH', 'REGIONAL_OFFICE_NAME', 'REGIONAL_OFFICE_CODE', 'ICB_NAME', 'ICB_CODE', 'PCO_NAME', 'PCO_CODE', 'PRACTICE_NAME', 'PRACTICE_CODE', 'ADDRESS_1', 'ADDRESS_2', 'ADDRESS_3', 'ADDRESS_4', 'POSTCODE', 'BNF_CHEMICAL_SUBSTANCE', 'CHEMICAL_SUBSTANCE_BNF_DESCR', 'BNF_CODE', 'BNF_DESCRIPTION', 'BNF_CHAPTER_PLUS_CODE', 'QUANTITY', 'ITEMS', 'TOTAL_QUANTITY', 'ADQUSAGE', 'NIC', 'ACTUAL_COST', 'UNIDENTIFIED']
  columns_added   : ['REGION_NAME', 'REGION_CODE']
  columns_dropped : ['REGIONAL_OFFICE_NAME', 'REGIONAL_OFFICE_CODE', 'PCO_NAME', 'PCO_CODE', 'PRACTICE_NAME', 'PRACTICE_CODE', 'ADDRESS_1', 'ADDRESS_2', 'ADDRESS_3', 'ADDRESS_4', 'POSTCODE', 'BNF_CHEMICAL_SUBSTANCE', 'CHEMICAL_SUBSTANCE_BNF_DESCR', 'BNF_DESCRIPTION', 'BNF_CHAPTER_PLUS_CODE', 'UNIDENTIFIED']
[FILE] EPD_202501.csv
  raw_row_count   : 18,329,163
  present_columns : ['YEAR_MONTH', 'REGIONAL_OFFICE_NAME', 'REGIONAL_OFFICE_CODE', 'ICB_NAME', 'ICB_CODE', 'PCO_NAME', 'PCO_CODE', 'PRACTICE_NAME', 'PRACTICE_CODE', 'ADDRESS_1', 'ADDRESS_2', 'ADDRESS_3', 'ADDRESS_4', 'POSTCODE', 'BNF_CHEMICAL_SUBSTANCE', 'CHEMICAL_SUBSTANCE_BNF_DESCR', 'BNF_CODE', 'BNF_DESCRIPTION', 'BNF_CHAPTER_PLUS_CODE', 'QUANTITY', 'ITEMS', 'TOTAL_QUANTITY', 'ADQUSAGE', 'NIC', 'ACTUAL_COST', 'UNIDENTIFIED']
  columns_added   : ['REGION_NAME', 'REGION_CODE']
  columns_dropped : ['REGIONAL_OFFICE_NAME', 'REGIONAL_OFFICE_CODE', 'PCO_NAME', 'PCO_CODE', 'PRACTICE_NAME', 'PRACTICE_CODE', 'ADDRESS_1', 'ADDRESS_2', 'ADDRESS_3', 'ADDRESS_4', 'POSTCODE', 'BNF_CHEMICAL_SUBSTANCE', 'CHEMICAL_SUBSTANCE_BNF_DESCR', 'BNF_DESCRIPTION', 'BNF_CHAPTER_PLUS_CODE', 'UNIDENTIFIED']
[FILE] EPD_202502.csv
  raw_row_count   : 17,520,407
  present_columns : ['YEAR_MONTH', 'REGIONAL_OFFICE_NAME', 'REGIONAL_OFFICE_CODE', 'ICB_NAME', 'ICB_CODE', 'PCO_NAME', 'PCO_CODE', 'PRACTICE_NAME', 'PRACTICE_CODE', 'ADDRESS_1', 'ADDRESS_2', 'ADDRESS_3', 'ADDRESS_4', 'POSTCODE', 'BNF_CHEMICAL_SUBSTANCE', 'CHEMICAL_SUBSTANCE_BNF_DESCR', 'BNF_CODE', 'BNF_DESCRIPTION', 'BNF_CHAPTER_PLUS_CODE', 'QUANTITY', 'ITEMS', 'TOTAL_QUANTITY', 'ADQUSAGE', 'NIC', 'ACTUAL_COST', 'UNIDENTIFIED']
  columns_added   : ['REGION_NAME', 'REGION_CODE']
  columns_dropped : ['REGIONAL_OFFICE_NAME', 'REGIONAL_OFFICE_CODE', 'PCO_NAME', 'PCO_CODE', 'PRACTICE_NAME', 'PRACTICE_CODE', 'ADDRESS_1', 'ADDRESS_2', 'ADDRESS_3', 'ADDRESS_4', 'POSTCODE', 'BNF_CHEMICAL_SUBSTANCE', 'CHEMICAL_SUBSTANCE_BNF_DESCR', 'BNF_DESCRIPTION', 'BNF_CHAPTER_PLUS_CODE', 'UNIDENTIFIED']
[FILE] EPD_202503.csv
  raw_row_count   : 17,982,104
  present_columns : ['YEAR_MONTH', 'REGIONAL_OFFICE_NAME', 'REGIONAL_OFFICE_CODE', 'ICB_NAME', 'ICB_CODE', 'PCO_NAME', 'PCO_CODE', 'PRACTICE_NAME', 'PRACTICE_CODE', 'ADDRESS_1', 'ADDRESS_2', 'ADDRESS_3', 'ADDRESS_4', 'POSTCODE', 'BNF_CHEMICAL_SUBSTANCE', 'CHEMICAL_SUBSTANCE_BNF_DESCR', 'BNF_CODE', 'BNF_DESCRIPTION', 'BNF_CHAPTER_PLUS_CODE', 'QUANTITY', 'ITEMS', 'TOTAL_QUANTITY', 'ADQUSAGE', 'NIC', 'ACTUAL_COST', 'UNIDENTIFIED']
  columns_added   : ['REGION_NAME', 'REGION_CODE']
  columns_dropped : ['REGIONAL_OFFICE_NAME', 'REGIONAL_OFFICE_CODE', 'PCO_NAME', 'PCO_CODE', 'PRACTICE_NAME', 'PRACTICE_CODE', 'ADDRESS_1', 'ADDRESS_2', 'ADDRESS_3', 'ADDRESS_4', 'POSTCODE', 'BNF_CHEMICAL_SUBSTANCE', 'CHEMICAL_SUBSTANCE_BNF_DESCR', 'BNF_DESCRIPTION', 'BNF_CHAPTER_PLUS_CODE', 'UNIDENTIFIED']
[FILE] EPD_202504.csv
  raw_row_count   : 17,812,171
  present_columns : ['YEAR_MONTH', 'REGIONAL_OFFICE_NAME', 'REGIONAL_OFFICE_CODE', 'ICB_NAME', 'ICB_CODE', 'PCO_NAME', 'PCO_CODE', 'PRACTICE_NAME', 'PRACTICE_CODE', 'ADDRESS_1', 'ADDRESS_2', 'ADDRESS_3', 'ADDRESS_4', 'POSTCODE', 'BNF_CHEMICAL_SUBSTANCE', 'CHEMICAL_SUBSTANCE_BNF_DESCR', 'BNF_CODE', 'BNF_DESCRIPTION', 'BNF_CHAPTER_PLUS_CODE', 'QUANTITY', 'ITEMS', 'TOTAL_QUANTITY', 'ADQUSAGE', 'NIC', 'ACTUAL_COST', 'UNIDENTIFIED']
  columns_added   : ['REGION_NAME', 'REGION_CODE']
  columns_dropped : ['REGIONAL_OFFICE_NAME', 'REGIONAL_OFFICE_CODE', 'PCO_NAME', 'PCO_CODE', 'PRACTICE_NAME', 'PRACTICE_CODE', 'ADDRESS_1', 'ADDRESS_2', 'ADDRESS_3', 'ADDRESS_4', 'POSTCODE', 'BNF_CHEMICAL_SUBSTANCE', 'CHEMICAL_SUBSTANCE_BNF_DESCR', 'BNF_DESCRIPTION', 'BNF_CHAPTER_PLUS_CODE', 'UNIDENTIFIED']
[FILE] EPD_202505.csv
  raw_row_count   : 18,181,803
  present_columns : ['YEAR_MONTH', 'REGIONAL_OFFICE_NAME', 'REGIONAL_OFFICE_CODE', 'ICB_NAME', 'ICB_CODE', 'PCO_NAME', 'PCO_CODE', 'PRACTICE_NAME', 'PRACTICE_CODE', 'ADDRESS_1', 'ADDRESS_2', 'ADDRESS_3', 'ADDRESS_4', 'POSTCODE', 'BNF_CHEMICAL_SUBSTANCE', 'CHEMICAL_SUBSTANCE_BNF_DESCR', 'BNF_CODE', 'BNF_DESCRIPTION', 'BNF_CHAPTER_PLUS_CODE', 'QUANTITY', 'ITEMS', 'TOTAL_QUANTITY', 'ADQUSAGE', 'NIC', 'ACTUAL_COST', 'UNIDENTIFIED']
  columns_added   : ['REGION_NAME', 'REGION_CODE']
  columns_dropped : ['REGIONAL_OFFICE_NAME', 'REGIONAL_OFFICE_CODE', 'PCO_NAME', 'PCO_CODE', 'PRACTICE_NAME', 'PRACTICE_CODE', 'ADDRESS_1', 'ADDRESS_2', 'ADDRESS_3', 'ADDRESS_4', 'POSTCODE', 'BNF_CHEMICAL_SUBSTANCE', 'CHEMICAL_SUBSTANCE_BNF_DESCR', 'BNF_DESCRIPTION', 'BNF_CHAPTER_PLUS_CODE', 'UNIDENTIFIED']
Parquet written : /Users/arunkumarbalaraman/uk_drug_shoratages/InterimData/EPD_202301_202505_agg.parquet
CSV written     : /Users/arunkumarbalaraman/uk_drug_shoratages/InterimData/EPD_202301_202505_agg.csv

TOTAL input rows : 518,831,418
Aggregated rows  : 11,464,404
=== END ===
