=== PCA run @ 20250824_232907 ===
Source dir : /Users/arunkumarbalaraman/uk_drug_shoratages/SourceData/PrescriptionCostAnalysis
Patterns   : ('PCA_*.csv',)
Period     : 202301 → 202505
Chunk size : 3000000
[FILE] PCA_202301.csv
  raw_row_count   : 578,411
  present_columns : ['YEAR_MONTH', 'REGION_NAME', 'REGION_CODE', 'ICB_NAME', 'ICB_CODE', 'DISPENSER_ACCOUNT_TYPE', 'BNF_PRESENTATION_CODE', 'BNF_PRESENTATION_NAME', 'SNOMED_CODE', 'SUPPLIER_NAME', 'UNIT_OF_MEASURE', 'GENERIC_BNF_EQUIVALENT_CODE', 'GENERIC_BNF_EQUIVALENT_NAME', 'BNF_CHEMICAL_SUBSTANCE_CODE', 'BNF_CHEMICAL_SUBSTANCE', 'BNF_PARAGRAPH_CODE', 'BNF_PARAGRAPH', 'BNF_SECTION_CODE', 'BNF_SECTION', 'BNF_CHAPTER_CODE', 'BNF_CHAPTER', 'PREP_CLASS', 'PRESCRIBED_PREP_CLASS', 'ITEMS', 'TOTAL_QUANTITY', 'NIC']
  columns_added   : ['BNF_CODE', 'QUANTITY', 'ADQUSAGE', 'ACTUAL_COST']
  columns_dropped : ['DISPENSER_ACCOUNT_TYPE', 'BNF_PRESENTATION_CODE', 'BNF_PRESENTATION_NAME', 'SNOMED_CODE', 'SUPPLIER_NAME', 'UNIT_OF_MEASURE', 'GENERIC_BNF_EQUIVALENT_CODE', 'GENERIC_BNF_EQUIVALENT_NAME', 'BNF_CHEMICAL_SUBSTANCE_CODE', 'BNF_CHEMICAL_SUBSTANCE', 'BNF_PARAGRAPH_CODE', 'BNF_PARAGRAPH', 'BNF_SECTION_CODE', 'BNF_SECTION', 'BNF_CHAPTER_CODE', 'BNF_CHAPTER', 'PREP_CLASS', 'PRESCRIBED_PREP_CLASS']
[FILE] PCA_202302.csv
  raw_row_count   : 566,172
  present_columns : ['YEAR_MONTH', 'REGION_NAME', 'REGION_CODE', 'ICB_NAME', 'ICB_CODE', 'DISPENSER_ACCOUNT_TYPE', 'BNF_PRESENTATION_CODE', 'BNF_PRESENTATION_NAME', 'SNOMED_CODE', 'SUPPLIER_NAME', 'UNIT_OF_MEASURE', 'GENERIC_BNF_EQUIVALENT_CODE', 'GENERIC_BNF_EQUIVALENT_NAME', 'BNF_CHEMICAL_SUBSTANCE_CODE', 'BNF_CHEMICAL_SUBSTANCE', 'BNF_PARAGRAPH_CODE', 'BNF_PARAGRAPH', 'BNF_SECTION_CODE', 'BNF_SECTION', 'BNF_CHAPTER_CODE', 'BNF_CHAPTER', 'PREP_CLASS', 'PRESCRIBED_PREP_CLASS', 'ITEMS', 'TOTAL_QUANTITY', 'NIC']
  columns_added   : ['BNF_CODE', 'QUANTITY', 'ADQUSAGE', 'ACTUAL_COST']
  columns_dropped : ['DISPENSER_ACCOUNT_TYPE', 'BNF_PRESENTATION_CODE', 'BNF_PRESENTATION_NAME', 'SNOMED_CODE', 'SUPPLIER_NAME', 'UNIT_OF_MEASURE', 'GENERIC_BNF_EQUIVALENT_CODE', 'GENERIC_BNF_EQUIVALENT_NAME', 'BNF_CHEMICAL_SUBSTANCE_CODE', 'BNF_CHEMICAL_SUBSTANCE', 'BNF_PARAGRAPH_CODE', 'BNF_PARAGRAPH', 'BNF_SECTION_CODE', 'BNF_SECTION', 'BNF_CHAPTER_CODE', 'BNF_CHAPTER', 'PREP_CLASS', 'PRESCRIBED_PREP_CLASS']
[FILE] PCA_202303.csv
  raw_row_count   : 581,587
  present_columns : ['YEAR_MONTH', 'REGION_NAME', 'REGION_CODE', 'ICB_NAME', 'ICB_CODE', 'DISPENSER_ACCOUNT_TYPE', 'BNF_PRESENTATION_CODE', 'BNF_PRESENTATION_NAME', 'SNOMED_CODE', 'SUPPLIER_NAME', 'UNIT_OF_MEASURE', 'GENERIC_BNF_EQUIVALENT_CODE', 'GENERIC_BNF_EQUIVALENT_NAME', 'BNF_CHEMICAL_SUBSTANCE_CODE', 'BNF_CHEMICAL_SUBSTANCE', 'BNF_PARAGRAPH_CODE', 'BNF_PARAGRAPH', 'BNF_SECTION_CODE', 'BNF_SECTION', 'BNF_CHAPTER_CODE', 'BNF_CHAPTER', 'PREP_CLASS', 'PRESCRIBED_PREP_CLASS', 'ITEMS', 'TOTAL_QUANTITY', 'NIC']
  columns_added   : ['BNF_CODE', 'QUANTITY', 'ADQUSAGE', 'ACTUAL_COST']
  columns_dropped : ['DISPENSER_ACCOUNT_TYPE', 'BNF_PRESENTATION_CODE', 'BNF_PRESENTATION_NAME', 'SNOMED_CODE', 'SUPPLIER_NAME', 'UNIT_OF_MEASURE', 'GENERIC_BNF_EQUIVALENT_CODE', 'GENERIC_BNF_EQUIVALENT_NAME', 'BNF_CHEMICAL_SUBSTANCE_CODE', 'BNF_CHEMICAL_SUBSTANCE', 'BNF_PARAGRAPH_CODE', 'BNF_PARAGRAPH', 'BNF_SECTION_CODE', 'BNF_SECTION', 'BNF_CHAPTER_CODE', 'BNF_CHAPTER', 'PREP_CLASS', 'PRESCRIBED_PREP_CLASS']
[FILE] PCA_202304.csv
  raw_row_count   : 559,076
  present_columns : ['YEAR_MONTH', 'REGION_NAME', 'REGION_CODE', 'ICB_NAME', 'ICB_CODE', 'DISPENSER_ACCOUNT_TYPE', 'BNF_PRESENTATION_CODE', 'BNF_PRESENTATION_NAME', 'SNOMED_CODE', 'SUPPLIER_NAME', 'UNIT_OF_MEASURE', 'GENERIC_BNF_EQUIVALENT_CODE', 'GENERIC_BNF_EQUIVALENT_NAME', 'BNF_CHEMICAL_SUBSTANCE_CODE', 'BNF_CHEMICAL_SUBSTANCE', 'BNF_PARAGRAPH_CODE', 'BNF_PARAGRAPH', 'BNF_SECTION_CODE', 'BNF_SECTION', 'BNF_CHAPTER_CODE', 'BNF_CHAPTER', 'PREP_CLASS', 'PRESCRIBED_PREP_CLASS', 'ITEMS', 'TOTAL_QUANTITY', 'NIC']
  columns_added   : ['BNF_CODE', 'QUANTITY', 'ADQUSAGE', 'ACTUAL_COST']
  columns_dropped : ['DISPENSER_ACCOUNT_TYPE', 'BNF_PRESENTATION_CODE', 'BNF_PRESENTATION_NAME', 'SNOMED_CODE', 'SUPPLIER_NAME', 'UNIT_OF_MEASURE', 'GENERIC_BNF_EQUIVALENT_CODE', 'GENERIC_BNF_EQUIVALENT_NAME', 'BNF_CHEMICAL_SUBSTANCE_CODE', 'BNF_CHEMICAL_SUBSTANCE', 'BNF_PARAGRAPH_CODE', 'BNF_PARAGRAPH', 'BNF_SECTION_CODE', 'BNF_SECTION', 'BNF_CHAPTER_CODE', 'BNF_CHAPTER', 'PREP_CLASS', 'PRESCRIBED_PREP_CLASS']
[FILE] PCA_202305.csv
  raw_row_count   : 571,957
  present_columns : ['YEAR_MONTH', 'REGION_NAME', 'REGION_CODE', 'ICB_NAME', 'ICB_CODE', 'DISPENSER_ACCOUNT_TYPE', 'BNF_PRESENTATION_CODE', 'BNF_PRESENTATION_NAME', 'SNOMED_CODE', 'SUPPLIER_NAME', 'UNIT_OF_MEASURE', 'GENERIC_BNF_EQUIVALENT_CODE', 'GENERIC_BNF_EQUIVALENT_NAME', 'BNF_CHEMICAL_SUBSTANCE_CODE', 'BNF_CHEMICAL_SUBSTANCE', 'BNF_PARAGRAPH_CODE', 'BNF_PARAGRAPH', 'BNF_SECTION_CODE', 'BNF_SECTION', 'BNF_CHAPTER_CODE', 'BNF_CHAPTER', 'PREP_CLASS', 'PRESCRIBED_PREP_CLASS', 'ITEMS', 'TOTAL_QUANTITY', 'NIC']
  columns_added   : ['BNF_CODE', 'QUANTITY', 'ADQUSAGE', 'ACTUAL_COST']
  columns_dropped : ['DISPENSER_ACCOUNT_TYPE', 'BNF_PRESENTATION_CODE', 'BNF_PRESENTATION_NAME', 'SNOMED_CODE', 'SUPPLIER_NAME', 'UNIT_OF_MEASURE', 'GENERIC_BNF_EQUIVALENT_CODE', 'GENERIC_BNF_EQUIVALENT_NAME', 'BNF_CHEMICAL_SUBSTANCE_CODE', 'BNF_CHEMICAL_SUBSTANCE', 'BNF_PARAGRAPH_CODE', 'BNF_PARAGRAPH', 'BNF_SECTION_CODE', 'BNF_SECTION', 'BNF_CHAPTER_CODE', 'BNF_CHAPTER', 'PREP_CLASS', 'PRESCRIBED_PREP_CLASS']
[FILE] PCA_202306.csv
  raw_row_count   : 579,992
  present_columns : ['YEAR_MONTH', 'REGION_NAME', 'REGION_CODE', 'ICB_NAME', 'ICB_CODE', 'DISPENSER_ACCOUNT_TYPE', 'BNF_PRESENTATION_CODE', 'BNF_PRESENTATION_NAME', 'SNOMED_CODE', 'SUPPLIER_NAME', 'UNIT_OF_MEASURE', 'GENERIC_BNF_EQUIVALENT_CODE', 'GENERIC_BNF_EQUIVALENT_NAME', 'BNF_CHEMICAL_SUBSTANCE_CODE', 'BNF_CHEMICAL_SUBSTANCE', 'BNF_PARAGRAPH_CODE', 'BNF_PARAGRAPH', 'BNF_SECTION_CODE', 'BNF_SECTION', 'BNF_CHAPTER_CODE', 'BNF_CHAPTER', 'PREP_CLASS', 'PRESCRIBED_PREP_CLASS', 'ITEMS', 'TOTAL_QUANTITY', 'NIC']
  columns_added   : ['BNF_CODE', 'QUANTITY', 'ADQUSAGE', 'ACTUAL_COST']
  columns_dropped : ['DISPENSER_ACCOUNT_TYPE', 'BNF_PRESENTATION_CODE', 'BNF_PRESENTATION_NAME', 'SNOMED_CODE', 'SUPPLIER_NAME', 'UNIT_OF_MEASURE', 'GENERIC_BNF_EQUIVALENT_CODE', 'GENERIC_BNF_EQUIVALENT_NAME', 'BNF_CHEMICAL_SUBSTANCE_CODE', 'BNF_CHEMICAL_SUBSTANCE', 'BNF_PARAGRAPH_CODE', 'BNF_PARAGRAPH', 'BNF_SECTION_CODE', 'BNF_SECTION', 'BNF_CHAPTER_CODE', 'BNF_CHAPTER', 'PREP_CLASS', 'PRESCRIBED_PREP_CLASS']
[FILE] PCA_202307.csv
  raw_row_count   : 574,130
  present_columns : ['YEAR_MONTH', 'REGION_NAME', 'REGION_CODE', 'ICB_NAME', 'ICB_CODE', 'DISPENSER_ACCOUNT_TYPE', 'BNF_PRESENTATION_CODE', 'BNF_PRESENTATION_NAME', 'SNOMED_CODE', 'SUPPLIER_NAME', 'UNIT_OF_MEASURE', 'GENERIC_BNF_EQUIVALENT_CODE', 'GENERIC_BNF_EQUIVALENT_NAME', 'BNF_CHEMICAL_SUBSTANCE_CODE', 'BNF_CHEMICAL_SUBSTANCE', 'BNF_PARAGRAPH_CODE', 'BNF_PARAGRAPH', 'BNF_SECTION_CODE', 'BNF_SECTION', 'BNF_CHAPTER_CODE', 'BNF_CHAPTER', 'PREP_CLASS', 'PRESCRIBED_PREP_CLASS', 'ITEMS', 'TOTAL_QUANTITY', 'NIC']
  columns_added   : ['BNF_CODE', 'QUANTITY', 'ADQUSAGE', 'ACTUAL_COST']
  columns_dropped : ['DISPENSER_ACCOUNT_TYPE', 'BNF_PRESENTATION_CODE', 'BNF_PRESENTATION_NAME', 'SNOMED_CODE', 'SUPPLIER_NAME', 'UNIT_OF_MEASURE', 'GENERIC_BNF_EQUIVALENT_CODE', 'GENERIC_BNF_EQUIVALENT_NAME', 'BNF_CHEMICAL_SUBSTANCE_CODE', 'BNF_CHEMICAL_SUBSTANCE', 'BNF_PARAGRAPH_CODE', 'BNF_PARAGRAPH', 'BNF_SECTION_CODE', 'BNF_SECTION', 'BNF_CHAPTER_CODE', 'BNF_CHAPTER', 'PREP_CLASS', 'PRESCRIBED_PREP_CLASS']
[FILE] PCA_202308.csv
  raw_row_count   : 572,692
  present_columns : ['YEAR_MONTH', 'REGION_NAME', 'REGION_CODE', 'ICB_NAME', 'ICB_CODE', 'DISPENSER_ACCOUNT_TYPE', 'BNF_PRESENTATION_CODE', 'BNF_PRESENTATION_NAME', 'SNOMED_CODE', 'SUPPLIER_NAME', 'UNIT_OF_MEASURE', 'GENERIC_BNF_EQUIVALENT_CODE', 'GENERIC_BNF_EQUIVALENT_NAME', 'BNF_CHEMICAL_SUBSTANCE_CODE', 'BNF_CHEMICAL_SUBSTANCE', 'BNF_PARAGRAPH_CODE', 'BNF_PARAGRAPH', 'BNF_SECTION_CODE', 'BNF_SECTION', 'BNF_CHAPTER_CODE', 'BNF_CHAPTER', 'PREP_CLASS', 'PRESCRIBED_PREP_CLASS', 'ITEMS', 'TOTAL_QUANTITY', 'NIC']
  columns_added   : ['BNF_CODE', 'QUANTITY', 'ADQUSAGE', 'ACTUAL_COST']
  columns_dropped : ['DISPENSER_ACCOUNT_TYPE', 'BNF_PRESENTATION_CODE', 'BNF_PRESENTATION_NAME', 'SNOMED_CODE', 'SUPPLIER_NAME', 'UNIT_OF_MEASURE', 'GENERIC_BNF_EQUIVALENT_CODE', 'GENERIC_BNF_EQUIVALENT_NAME', 'BNF_CHEMICAL_SUBSTANCE_CODE', 'BNF_CHEMICAL_SUBSTANCE', 'BNF_PARAGRAPH_CODE', 'BNF_PARAGRAPH', 'BNF_SECTION_CODE', 'BNF_SECTION', 'BNF_CHAPTER_CODE', 'BNF_CHAPTER', 'PREP_CLASS', 'PRESCRIBED_PREP_CLASS']
[FILE] PCA_202309.csv
  raw_row_count   : 572,270
  present_columns : ['YEAR_MONTH', 'REGION_NAME', 'REGION_CODE', 'ICB_NAME', 'ICB_CODE', 'DISPENSER_ACCOUNT_TYPE', 'BNF_PRESENTATION_CODE', 'BNF_PRESENTATION_NAME', 'SNOMED_CODE', 'SUPPLIER_NAME', 'UNIT_OF_MEASURE', 'GENERIC_BNF_EQUIVALENT_CODE', 'GENERIC_BNF_EQUIVALENT_NAME', 'BNF_CHEMICAL_SUBSTANCE_CODE', 'BNF_CHEMICAL_SUBSTANCE', 'BNF_PARAGRAPH_CODE', 'BNF_PARAGRAPH', 'BNF_SECTION_CODE', 'BNF_SECTION', 'BNF_CHAPTER_CODE', 'BNF_CHAPTER', 'PREP_CLASS', 'PRESCRIBED_PREP_CLASS', 'ITEMS', 'TOTAL_QUANTITY', 'NIC']
  columns_added   : ['BNF_CODE', 'QUANTITY', 'ADQUSAGE', 'ACTUAL_COST']
  columns_dropped : ['DISPENSER_ACCOUNT_TYPE', 'BNF_PRESENTATION_CODE', 'BNF_PRESENTATION_NAME', 'SNOMED_CODE', 'SUPPLIER_NAME', 'UNIT_OF_MEASURE', 'GENERIC_BNF_EQUIVALENT_CODE', 'GENERIC_BNF_EQUIVALENT_NAME', 'BNF_CHEMICAL_SUBSTANCE_CODE', 'BNF_CHEMICAL_SUBSTANCE', 'BNF_PARAGRAPH_CODE', 'BNF_PARAGRAPH', 'BNF_SECTION_CODE', 'BNF_SECTION', 'BNF_CHAPTER_CODE', 'BNF_CHAPTER', 'PREP_CLASS', 'PRESCRIBED_PREP_CLASS']
[FILE] PCA_202310.csv
  raw_row_count   : 576,583
  present_columns : ['YEAR_MONTH', 'REGION_NAME', 'REGION_CODE', 'ICB_NAME', 'ICB_CODE', 'DISPENSER_ACCOUNT_TYPE', 'BNF_PRESENTATION_CODE', 'BNF_PRESENTATION_NAME', 'SNOMED_CODE', 'SUPPLIER_NAME', 'UNIT_OF_MEASURE', 'GENERIC_BNF_EQUIVALENT_CODE', 'GENERIC_BNF_EQUIVALENT_NAME', 'BNF_CHEMICAL_SUBSTANCE_CODE', 'BNF_CHEMICAL_SUBSTANCE', 'BNF_PARAGRAPH_CODE', 'BNF_PARAGRAPH', 'BNF_SECTION_CODE', 'BNF_SECTION', 'BNF_CHAPTER_CODE', 'BNF_CHAPTER', 'PREP_CLASS', 'PRESCRIBED_PREP_CLASS', 'ITEMS', 'TOTAL_QUANTITY', 'NIC']
  columns_added   : ['BNF_CODE', 'QUANTITY', 'ADQUSAGE', 'ACTUAL_COST']
  columns_dropped : ['DISPENSER_ACCOUNT_TYPE', 'BNF_PRESENTATION_CODE', 'BNF_PRESENTATION_NAME', 'SNOMED_CODE', 'SUPPLIER_NAME', 'UNIT_OF_MEASURE', 'GENERIC_BNF_EQUIVALENT_CODE', 'GENERIC_BNF_EQUIVALENT_NAME', 'BNF_CHEMICAL_SUBSTANCE_CODE', 'BNF_CHEMICAL_SUBSTANCE', 'BNF_PARAGRAPH_CODE', 'BNF_PARAGRAPH', 'BNF_SECTION_CODE', 'BNF_SECTION', 'BNF_CHAPTER_CODE', 'BNF_CHAPTER', 'PREP_CLASS', 'PRESCRIBED_PREP_CLASS']
[FILE] PCA_202311.csv
  raw_row_count   : 577,957
  present_columns : ['YEAR_MONTH', 'REGION_NAME', 'REGION_CODE', 'ICB_NAME', 'ICB_CODE', 'DISPENSER_ACCOUNT_TYPE', 'BNF_PRESENTATION_CODE', 'BNF_PRESENTATION_NAME', 'SNOMED_CODE', 'SUPPLIER_NAME', 'UNIT_OF_MEASURE', 'GENERIC_BNF_EQUIVALENT_CODE', 'GENERIC_BNF_EQUIVALENT_NAME', 'BNF_CHEMICAL_SUBSTANCE_CODE', 'BNF_CHEMICAL_SUBSTANCE', 'BNF_PARAGRAPH_CODE', 'BNF_PARAGRAPH', 'BNF_SECTION_CODE', 'BNF_SECTION', 'BNF_CHAPTER_CODE', 'BNF_CHAPTER', 'PREP_CLASS', 'PRESCRIBED_PREP_CLASS', 'ITEMS', 'TOTAL_QUANTITY', 'NIC']
  columns_added   : ['BNF_CODE', 'QUANTITY', 'ADQUSAGE', 'ACTUAL_COST']
  columns_dropped : ['DISPENSER_ACCOUNT_TYPE', 'BNF_PRESENTATION_CODE', 'BNF_PRESENTATION_NAME', 'SNOMED_CODE', 'SUPPLIER_NAME', 'UNIT_OF_MEASURE', 'GENERIC_BNF_EQUIVALENT_CODE', 'GENERIC_BNF_EQUIVALENT_NAME', 'BNF_CHEMICAL_SUBSTANCE_CODE', 'BNF_CHEMICAL_SUBSTANCE', 'BNF_PARAGRAPH_CODE', 'BNF_PARAGRAPH', 'BNF_SECTION_CODE', 'BNF_SECTION', 'BNF_CHAPTER_CODE', 'BNF_CHAPTER', 'PREP_CLASS', 'PRESCRIBED_PREP_CLASS']
[FILE] PCA_202312.csv
  raw_row_count   : 570,460
  present_columns : ['YEAR_MONTH', 'REGION_NAME', 'REGION_CODE', 'ICB_NAME', 'ICB_CODE', 'DISPENSER_ACCOUNT_TYPE', 'BNF_PRESENTATION_CODE', 'BNF_PRESENTATION_NAME', 'SNOMED_CODE', 'SUPPLIER_NAME', 'UNIT_OF_MEASURE', 'GENERIC_BNF_EQUIVALENT_CODE', 'GENERIC_BNF_EQUIVALENT_NAME', 'BNF_CHEMICAL_SUBSTANCE_CODE', 'BNF_CHEMICAL_SUBSTANCE', 'BNF_PARAGRAPH_CODE', 'BNF_PARAGRAPH', 'BNF_SECTION_CODE', 'BNF_SECTION', 'BNF_CHAPTER_CODE', 'BNF_CHAPTER', 'PREP_CLASS', 'PRESCRIBED_PREP_CLASS', 'ITEMS', 'TOTAL_QUANTITY', 'NIC']
  columns_added   : ['BNF_CODE', 'QUANTITY', 'ADQUSAGE', 'ACTUAL_COST']
  columns_dropped : ['DISPENSER_ACCOUNT_TYPE', 'BNF_PRESENTATION_CODE', 'BNF_PRESENTATION_NAME', 'SNOMED_CODE', 'SUPPLIER_NAME', 'UNIT_OF_MEASURE', 'GENERIC_BNF_EQUIVALENT_CODE', 'GENERIC_BNF_EQUIVALENT_NAME', 'BNF_CHEMICAL_SUBSTANCE_CODE', 'BNF_CHEMICAL_SUBSTANCE', 'BNF_PARAGRAPH_CODE', 'BNF_PARAGRAPH', 'BNF_SECTION_CODE', 'BNF_SECTION', 'BNF_CHAPTER_CODE', 'BNF_CHAPTER', 'PREP_CLASS', 'PRESCRIBED_PREP_CLASS']
[FILE] PCA_202401.csv
  raw_row_count   : 577,810
  present_columns : ['YEAR_MONTH', 'REGION_NAME', 'REGION_CODE', 'ICB_NAME', 'ICB_CODE', 'DISPENSER_ACCOUNT_TYPE', 'BNF_PRESENTATION_CODE', 'BNF_PRESENTATION_NAME', 'SNOMED_CODE', 'SUPPLIER_NAME', 'UNIT_OF_MEASURE', 'GENERIC_BNF_EQUIVALENT_CODE', 'GENERIC_BNF_EQUIVALENT_NAME', 'BNF_CHEMICAL_SUBSTANCE_CODE', 'BNF_CHEMICAL_SUBSTANCE', 'BNF_PARAGRAPH_CODE', 'BNF_PARAGRAPH', 'BNF_SECTION_CODE', 'BNF_SECTION', 'BNF_CHAPTER_CODE', 'BNF_CHAPTER', 'PREP_CLASS', 'PRESCRIBED_PREP_CLASS', 'ITEMS', 'TOTAL_QUANTITY', 'NIC']
  columns_added   : ['BNF_CODE', 'QUANTITY', 'ADQUSAGE', 'ACTUAL_COST']
  columns_dropped : ['DISPENSER_ACCOUNT_TYPE', 'BNF_PRESENTATION_CODE', 'BNF_PRESENTATION_NAME', 'SNOMED_CODE', 'SUPPLIER_NAME', 'UNIT_OF_MEASURE', 'GENERIC_BNF_EQUIVALENT_CODE', 'GENERIC_BNF_EQUIVALENT_NAME', 'BNF_CHEMICAL_SUBSTANCE_CODE', 'BNF_CHEMICAL_SUBSTANCE', 'BNF_PARAGRAPH_CODE', 'BNF_PARAGRAPH', 'BNF_SECTION_CODE', 'BNF_SECTION', 'BNF_CHAPTER_CODE', 'BNF_CHAPTER', 'PREP_CLASS', 'PRESCRIBED_PREP_CLASS']
[FILE] PCA_202402.csv
  raw_row_count   : 572,594
  present_columns : ['YEAR_MONTH', 'REGION_NAME', 'REGION_CODE', 'ICB_NAME', 'ICB_CODE', 'DISPENSER_ACCOUNT_TYPE', 'BNF_PRESENTATION_CODE', 'BNF_PRESENTATION_NAME', 'SNOMED_CODE', 'SUPPLIER_NAME', 'UNIT_OF_MEASURE', 'GENERIC_BNF_EQUIVALENT_CODE', 'GENERIC_BNF_EQUIVALENT_NAME', 'BNF_CHEMICAL_SUBSTANCE_CODE', 'BNF_CHEMICAL_SUBSTANCE', 'BNF_PARAGRAPH_CODE', 'BNF_PARAGRAPH', 'BNF_SECTION_CODE', 'BNF_SECTION', 'BNF_CHAPTER_CODE', 'BNF_CHAPTER', 'PREP_CLASS', 'PRESCRIBED_PREP_CLASS', 'ITEMS', 'TOTAL_QUANTITY', 'NIC', 'PHARMACY_ADVANCED_SERVICE']
  columns_added   : ['BNF_CODE', 'QUANTITY', 'ADQUSAGE', 'ACTUAL_COST']
  columns_dropped : ['DISPENSER_ACCOUNT_TYPE', 'BNF_PRESENTATION_CODE', 'BNF_PRESENTATION_NAME', 'SNOMED_CODE', 'SUPPLIER_NAME', 'UNIT_OF_MEASURE', 'GENERIC_BNF_EQUIVALENT_CODE', 'GENERIC_BNF_EQUIVALENT_NAME', 'BNF_CHEMICAL_SUBSTANCE_CODE', 'BNF_CHEMICAL_SUBSTANCE', 'BNF_PARAGRAPH_CODE', 'BNF_PARAGRAPH', 'BNF_SECTION_CODE', 'BNF_SECTION', 'BNF_CHAPTER_CODE', 'BNF_CHAPTER', 'PREP_CLASS', 'PRESCRIBED_PREP_CLASS', 'PHARMACY_ADVANCED_SERVICE']
[FILE] PCA_202403.csv
  raw_row_count   : 572,183
  present_columns : ['YEAR_MONTH', 'REGION_NAME', 'REGION_CODE', 'ICB_NAME', 'ICB_CODE', 'DISPENSER_ACCOUNT_TYPE', 'BNF_PRESENTATION_CODE', 'BNF_PRESENTATION_NAME', 'SNOMED_CODE', 'SUPPLIER_NAME', 'UNIT_OF_MEASURE', 'GENERIC_BNF_EQUIVALENT_CODE', 'GENERIC_BNF_EQUIVALENT_NAME', 'BNF_CHEMICAL_SUBSTANCE_CODE', 'BNF_CHEMICAL_SUBSTANCE', 'BNF_PARAGRAPH_CODE', 'BNF_PARAGRAPH', 'BNF_SECTION_CODE', 'BNF_SECTION', 'BNF_CHAPTER_CODE', 'BNF_CHAPTER', 'PREP_CLASS', 'PRESCRIBED_PREP_CLASS', 'ITEMS', 'TOTAL_QUANTITY', 'NIC', 'PHARMACY_ADVANCED_SERVICE']
  columns_added   : ['BNF_CODE', 'QUANTITY', 'ADQUSAGE', 'ACTUAL_COST']
  columns_dropped : ['DISPENSER_ACCOUNT_TYPE', 'BNF_PRESENTATION_CODE', 'BNF_PRESENTATION_NAME', 'SNOMED_CODE', 'SUPPLIER_NAME', 'UNIT_OF_MEASURE', 'GENERIC_BNF_EQUIVALENT_CODE', 'GENERIC_BNF_EQUIVALENT_NAME', 'BNF_CHEMICAL_SUBSTANCE_CODE', 'BNF_CHEMICAL_SUBSTANCE', 'BNF_PARAGRAPH_CODE', 'BNF_PARAGRAPH', 'BNF_SECTION_CODE', 'BNF_SECTION', 'BNF_CHAPTER_CODE', 'BNF_CHAPTER', 'PREP_CLASS', 'PRESCRIBED_PREP_CLASS', 'PHARMACY_ADVANCED_SERVICE']
[FILE] PCA_202404.csv
  raw_row_count   : 581,593
  present_columns : ['YEAR_MONTH', 'REGION_NAME', 'REGION_CODE', 'ICB_NAME', 'ICB_CODE', 'DISPENSER_ACCOUNT_TYPE', 'BNF_PRESENTATION_CODE', 'BNF_PRESENTATION_NAME', 'SNOMED_CODE', 'SUPPLIER_NAME', 'UNIT_OF_MEASURE', 'GENERIC_BNF_EQUIVALENT_CODE', 'GENERIC_BNF_EQUIVALENT_NAME', 'BNF_CHEMICAL_SUBSTANCE_CODE', 'BNF_CHEMICAL_SUBSTANCE', 'BNF_PARAGRAPH_CODE', 'BNF_PARAGRAPH', 'BNF_SECTION_CODE', 'BNF_SECTION', 'BNF_CHAPTER_CODE', 'BNF_CHAPTER', 'PREP_CLASS', 'PRESCRIBED_PREP_CLASS', 'ITEMS', 'TOTAL_QUANTITY', 'NIC', 'PHARMACY_ADVANCED_SERVICE']
  columns_added   : ['BNF_CODE', 'QUANTITY', 'ADQUSAGE', 'ACTUAL_COST']
  columns_dropped : ['DISPENSER_ACCOUNT_TYPE', 'BNF_PRESENTATION_CODE', 'BNF_PRESENTATION_NAME', 'SNOMED_CODE', 'SUPPLIER_NAME', 'UNIT_OF_MEASURE', 'GENERIC_BNF_EQUIVALENT_CODE', 'GENERIC_BNF_EQUIVALENT_NAME', 'BNF_CHEMICAL_SUBSTANCE_CODE', 'BNF_CHEMICAL_SUBSTANCE', 'BNF_PARAGRAPH_CODE', 'BNF_PARAGRAPH', 'BNF_SECTION_CODE', 'BNF_SECTION', 'BNF_CHAPTER_CODE', 'BNF_CHAPTER', 'PREP_CLASS', 'PRESCRIBED_PREP_CLASS', 'PHARMACY_ADVANCED_SERVICE']
[FILE] PCA_202405.csv
  raw_row_count   : 578,113
  present_columns : ['YEAR_MONTH', 'REGION_NAME', 'REGION_CODE', 'ICB_NAME', 'ICB_CODE', 'DISPENSER_ACCOUNT_TYPE', 'BNF_PRESENTATION_CODE', 'BNF_PRESENTATION_NAME', 'SNOMED_CODE', 'SUPPLIER_NAME', 'UNIT_OF_MEASURE', 'GENERIC_BNF_EQUIVALENT_CODE', 'GENERIC_BNF_EQUIVALENT_NAME', 'BNF_CHEMICAL_SUBSTANCE_CODE', 'BNF_CHEMICAL_SUBSTANCE', 'BNF_PARAGRAPH_CODE', 'BNF_PARAGRAPH', 'BNF_SECTION_CODE', 'BNF_SECTION', 'BNF_CHAPTER_CODE', 'BNF_CHAPTER', 'PREP_CLASS', 'PRESCRIBED_PREP_CLASS', 'ITEMS', 'TOTAL_QUANTITY', 'NIC', 'PHARMACY_ADVANCED_SERVICE']
  columns_added   : ['BNF_CODE', 'QUANTITY', 'ADQUSAGE', 'ACTUAL_COST']
  columns_dropped : ['DISPENSER_ACCOUNT_TYPE', 'BNF_PRESENTATION_CODE', 'BNF_PRESENTATION_NAME', 'SNOMED_CODE', 'SUPPLIER_NAME', 'UNIT_OF_MEASURE', 'GENERIC_BNF_EQUIVALENT_CODE', 'GENERIC_BNF_EQUIVALENT_NAME', 'BNF_CHEMICAL_SUBSTANCE_CODE', 'BNF_CHEMICAL_SUBSTANCE', 'BNF_PARAGRAPH_CODE', 'BNF_PARAGRAPH', 'BNF_SECTION_CODE', 'BNF_SECTION', 'BNF_CHAPTER_CODE', 'BNF_CHAPTER', 'PREP_CLASS', 'PRESCRIBED_PREP_CLASS', 'PHARMACY_ADVANCED_SERVICE']
[FILE] PCA_202406.csv
  raw_row_count   : 572,751
  present_columns : ['YEAR_MONTH', 'REGION_NAME', 'REGION_CODE', 'ICB_NAME', 'ICB_CODE', 'DISPENSER_ACCOUNT_TYPE', 'BNF_PRESENTATION_CODE', 'BNF_PRESENTATION_NAME', 'SNOMED_CODE', 'SUPPLIER_NAME', 'UNIT_OF_MEASURE', 'GENERIC_BNF_EQUIVALENT_CODE', 'GENERIC_BNF_EQUIVALENT_NAME', 'BNF_CHEMICAL_SUBSTANCE_CODE', 'BNF_CHEMICAL_SUBSTANCE', 'BNF_PARAGRAPH_CODE', 'BNF_PARAGRAPH', 'BNF_SECTION_CODE', 'BNF_SECTION', 'BNF_CHAPTER_CODE', 'BNF_CHAPTER', 'PREP_CLASS', 'PRESCRIBED_PREP_CLASS', 'ITEMS', 'TOTAL_QUANTITY', 'NIC', 'PHARMACY_ADVANCED_SERVICE']
  columns_added   : ['BNF_CODE', 'QUANTITY', 'ADQUSAGE', 'ACTUAL_COST']
  columns_dropped : ['DISPENSER_ACCOUNT_TYPE', 'BNF_PRESENTATION_CODE', 'BNF_PRESENTATION_NAME', 'SNOMED_CODE', 'SUPPLIER_NAME', 'UNIT_OF_MEASURE', 'GENERIC_BNF_EQUIVALENT_CODE', 'GENERIC_BNF_EQUIVALENT_NAME', 'BNF_CHEMICAL_SUBSTANCE_CODE', 'BNF_CHEMICAL_SUBSTANCE', 'BNF_PARAGRAPH_CODE', 'BNF_PARAGRAPH', 'BNF_SECTION_CODE', 'BNF_SECTION', 'BNF_CHAPTER_CODE', 'BNF_CHAPTER', 'PREP_CLASS', 'PRESCRIBED_PREP_CLASS', 'PHARMACY_ADVANCED_SERVICE']
[FILE] PCA_202407.csv
  raw_row_count   : 584,980
  present_columns : ['YEAR_MONTH', 'REGION_NAME', 'REGION_CODE', 'ICB_NAME', 'ICB_CODE', 'DISPENSER_ACCOUNT_TYPE', 'BNF_PRESENTATION_CODE', 'BNF_PRESENTATION_NAME', 'SNOMED_CODE', 'SUPPLIER_NAME', 'UNIT_OF_MEASURE', 'GENERIC_BNF_EQUIVALENT_CODE', 'GENERIC_BNF_EQUIVALENT_NAME', 'BNF_CHEMICAL_SUBSTANCE_CODE', 'BNF_CHEMICAL_SUBSTANCE', 'BNF_PARAGRAPH_CODE', 'BNF_PARAGRAPH', 'BNF_SECTION_CODE', 'BNF_SECTION', 'BNF_CHAPTER_CODE', 'BNF_CHAPTER', 'PREP_CLASS', 'PRESCRIBED_PREP_CLASS', 'ITEMS', 'TOTAL_QUANTITY', 'NIC', 'PHARMACY_ADVANCED_SERVICE']
  columns_added   : ['BNF_CODE', 'QUANTITY', 'ADQUSAGE', 'ACTUAL_COST']
  columns_dropped : ['DISPENSER_ACCOUNT_TYPE', 'BNF_PRESENTATION_CODE', 'BNF_PRESENTATION_NAME', 'SNOMED_CODE', 'SUPPLIER_NAME', 'UNIT_OF_MEASURE', 'GENERIC_BNF_EQUIVALENT_CODE', 'GENERIC_BNF_EQUIVALENT_NAME', 'BNF_CHEMICAL_SUBSTANCE_CODE', 'BNF_CHEMICAL_SUBSTANCE', 'BNF_PARAGRAPH_CODE', 'BNF_PARAGRAPH', 'BNF_SECTION_CODE', 'BNF_SECTION', 'BNF_CHAPTER_CODE', 'BNF_CHAPTER', 'PREP_CLASS', 'PRESCRIBED_PREP_CLASS', 'PHARMACY_ADVANCED_SERVICE']
[FILE] PCA_202409.csv
  raw_row_count   : 575,290
  present_columns : ['YEAR_MONTH', 'REGION_NAME', 'REGION_CODE', 'ICB_NAME', 'ICB_CODE', 'DISPENSER_ACCOUNT_TYPE', 'BNF_PRESENTATION_CODE', 'BNF_PRESENTATION_NAME', 'SNOMED_CODE', 'SUPPLIER_NAME', 'UNIT_OF_MEASURE', 'GENERIC_BNF_EQUIVALENT_CODE', 'GENERIC_BNF_EQUIVALENT_NAME', 'BNF_CHEMICAL_SUBSTANCE_CODE', 'BNF_CHEMICAL_SUBSTANCE', 'BNF_PARAGRAPH_CODE', 'BNF_PARAGRAPH', 'BNF_SECTION_CODE', 'BNF_SECTION', 'BNF_CHAPTER_CODE', 'BNF_CHAPTER', 'PREP_CLASS', 'PRESCRIBED_PREP_CLASS', 'ITEMS', 'TOTAL_QUANTITY', 'NIC', 'PHARMACY_ADVANCED_SERVICE']
  columns_added   : ['BNF_CODE', 'QUANTITY', 'ADQUSAGE', 'ACTUAL_COST']
  columns_dropped : ['DISPENSER_ACCOUNT_TYPE', 'BNF_PRESENTATION_CODE', 'BNF_PRESENTATION_NAME', 'SNOMED_CODE', 'SUPPLIER_NAME', 'UNIT_OF_MEASURE', 'GENERIC_BNF_EQUIVALENT_CODE', 'GENERIC_BNF_EQUIVALENT_NAME', 'BNF_CHEMICAL_SUBSTANCE_CODE', 'BNF_CHEMICAL_SUBSTANCE', 'BNF_PARAGRAPH_CODE', 'BNF_PARAGRAPH', 'BNF_SECTION_CODE', 'BNF_SECTION', 'BNF_CHAPTER_CODE', 'BNF_CHAPTER', 'PREP_CLASS', 'PRESCRIBED_PREP_CLASS', 'PHARMACY_ADVANCED_SERVICE']
[FILE] PCA_202410.csv
  raw_row_count   : 583,507
  present_columns : ['YEAR_MONTH', 'REGION_NAME', 'REGION_CODE', 'ICB_NAME', 'ICB_CODE', 'DISPENSER_ACCOUNT_TYPE', 'BNF_PRESENTATION_CODE', 'BNF_PRESENTATION_NAME', 'SNOMED_CODE', 'SUPPLIER_NAME', 'UNIT_OF_MEASURE', 'GENERIC_BNF_EQUIVALENT_CODE', 'GENERIC_BNF_EQUIVALENT_NAME', 'BNF_CHEMICAL_SUBSTANCE_CODE', 'BNF_CHEMICAL_SUBSTANCE', 'BNF_PARAGRAPH_CODE', 'BNF_PARAGRAPH', 'BNF_SECTION_CODE', 'BNF_SECTION', 'BNF_CHAPTER_CODE', 'BNF_CHAPTER', 'PREP_CLASS', 'PRESCRIBED_PREP_CLASS', 'ITEMS', 'TOTAL_QUANTITY', 'NIC', 'PHARMACY_ADVANCED_SERVICE']
  columns_added   : ['BNF_CODE', 'QUANTITY', 'ADQUSAGE', 'ACTUAL_COST']
  columns_dropped : ['DISPENSER_ACCOUNT_TYPE', 'BNF_PRESENTATION_CODE', 'BNF_PRESENTATION_NAME', 'SNOMED_CODE', 'SUPPLIER_NAME', 'UNIT_OF_MEASURE', 'GENERIC_BNF_EQUIVALENT_CODE', 'GENERIC_BNF_EQUIVALENT_NAME', 'BNF_CHEMICAL_SUBSTANCE_CODE', 'BNF_CHEMICAL_SUBSTANCE', 'BNF_PARAGRAPH_CODE', 'BNF_PARAGRAPH', 'BNF_SECTION_CODE', 'BNF_SECTION', 'BNF_CHAPTER_CODE', 'BNF_CHAPTER', 'PREP_CLASS', 'PRESCRIBED_PREP_CLASS', 'PHARMACY_ADVANCED_SERVICE']
[FILE] PCA_202411.csv
  raw_row_count   : 576,152
  present_columns : ['YEAR_MONTH', 'REGION_NAME', 'REGION_CODE', 'ICB_NAME', 'ICB_CODE', 'DISPENSER_ACCOUNT_TYPE', 'BNF_PRESENTATION_CODE', 'BNF_PRESENTATION_NAME', 'SNOMED_CODE', 'SUPPLIER_NAME', 'UNIT_OF_MEASURE', 'GENERIC_BNF_EQUIVALENT_CODE', 'GENERIC_BNF_EQUIVALENT_NAME', 'BNF_CHEMICAL_SUBSTANCE_CODE', 'BNF_CHEMICAL_SUBSTANCE', 'BNF_PARAGRAPH_CODE', 'BNF_PARAGRAPH', 'BNF_SECTION_CODE', 'BNF_SECTION', 'BNF_CHAPTER_CODE', 'BNF_CHAPTER', 'PREP_CLASS', 'PRESCRIBED_PREP_CLASS', 'ITEMS', 'TOTAL_QUANTITY', 'NIC', 'PHARMACY_ADVANCED_SERVICE']
  columns_added   : ['BNF_CODE', 'QUANTITY', 'ADQUSAGE', 'ACTUAL_COST']
  columns_dropped : ['DISPENSER_ACCOUNT_TYPE', 'BNF_PRESENTATION_CODE', 'BNF_PRESENTATION_NAME', 'SNOMED_CODE', 'SUPPLIER_NAME', 'UNIT_OF_MEASURE', 'GENERIC_BNF_EQUIVALENT_CODE', 'GENERIC_BNF_EQUIVALENT_NAME', 'BNF_CHEMICAL_SUBSTANCE_CODE', 'BNF_CHEMICAL_SUBSTANCE', 'BNF_PARAGRAPH_CODE', 'BNF_PARAGRAPH', 'BNF_SECTION_CODE', 'BNF_SECTION', 'BNF_CHAPTER_CODE', 'BNF_CHAPTER', 'PREP_CLASS', 'PRESCRIBED_PREP_CLASS', 'PHARMACY_ADVANCED_SERVICE']
[FILE] PCA_202412.csv
  raw_row_count   : 576,151
  present_columns : ['YEAR_MONTH', 'REGION_NAME', 'REGION_CODE', 'ICB_NAME', 'ICB_CODE', 'DISPENSER_ACCOUNT_TYPE', 'BNF_PRESENTATION_CODE', 'BNF_PRESENTATION_NAME', 'SNOMED_CODE', 'SUPPLIER_NAME', 'UNIT_OF_MEASURE', 'GENERIC_BNF_EQUIVALENT_CODE', 'GENERIC_BNF_EQUIVALENT_NAME', 'BNF_CHEMICAL_SUBSTANCE_CODE', 'BNF_CHEMICAL_SUBSTANCE', 'BNF_PARAGRAPH_CODE', 'BNF_PARAGRAPH', 'BNF_SECTION_CODE', 'BNF_SECTION', 'BNF_CHAPTER_CODE', 'BNF_CHAPTER', 'PREP_CLASS', 'PRESCRIBED_PREP_CLASS', 'ITEMS', 'TOTAL_QUANTITY', 'NIC', 'PHARMACY_ADVANCED_SERVICE']
  columns_added   : ['BNF_CODE', 'QUANTITY', 'ADQUSAGE', 'ACTUAL_COST']
  columns_dropped : ['DISPENSER_ACCOUNT_TYPE', 'BNF_PRESENTATION_CODE', 'BNF_PRESENTATION_NAME', 'SNOMED_CODE', 'SUPPLIER_NAME', 'UNIT_OF_MEASURE', 'GENERIC_BNF_EQUIVALENT_CODE', 'GENERIC_BNF_EQUIVALENT_NAME', 'BNF_CHEMICAL_SUBSTANCE_CODE', 'BNF_CHEMICAL_SUBSTANCE', 'BNF_PARAGRAPH_CODE', 'BNF_PARAGRAPH', 'BNF_SECTION_CODE', 'BNF_SECTION', 'BNF_CHAPTER_CODE', 'BNF_CHAPTER', 'PREP_CLASS', 'PRESCRIBED_PREP_CLASS', 'PHARMACY_ADVANCED_SERVICE']
[FILE] PCA_202501.csv
  raw_row_count   : 581,740
  present_columns : ['YEAR_MONTH', 'REGION_NAME', 'REGION_CODE', 'ICB_NAME', 'ICB_CODE', 'DISPENSER_ACCOUNT_TYPE', 'BNF_PRESENTATION_CODE', 'BNF_PRESENTATION_NAME', 'SNOMED_CODE', 'SUPPLIER_NAME', 'UNIT_OF_MEASURE', 'GENERIC_BNF_EQUIVALENT_CODE', 'GENERIC_BNF_EQUIVALENT_NAME', 'BNF_CHEMICAL_SUBSTANCE_CODE', 'BNF_CHEMICAL_SUBSTANCE', 'BNF_PARAGRAPH_CODE', 'BNF_PARAGRAPH', 'BNF_SECTION_CODE', 'BNF_SECTION', 'BNF_CHAPTER_CODE', 'BNF_CHAPTER', 'PREP_CLASS', 'PRESCRIBED_PREP_CLASS', 'ITEMS', 'TOTAL_QUANTITY', 'NIC', 'PHARMACY_ADVANCED_SERVICE']
  columns_added   : ['BNF_CODE', 'QUANTITY', 'ADQUSAGE', 'ACTUAL_COST']
  columns_dropped : ['DISPENSER_ACCOUNT_TYPE', 'BNF_PRESENTATION_CODE', 'BNF_PRESENTATION_NAME', 'SNOMED_CODE', 'SUPPLIER_NAME', 'UNIT_OF_MEASURE', 'GENERIC_BNF_EQUIVALENT_CODE', 'GENERIC_BNF_EQUIVALENT_NAME', 'BNF_CHEMICAL_SUBSTANCE_CODE', 'BNF_CHEMICAL_SUBSTANCE', 'BNF_PARAGRAPH_CODE', 'BNF_PARAGRAPH', 'BNF_SECTION_CODE', 'BNF_SECTION', 'BNF_CHAPTER_CODE', 'BNF_CHAPTER', 'PREP_CLASS', 'PRESCRIBED_PREP_CLASS', 'PHARMACY_ADVANCED_SERVICE']
[FILE] PCA_202502.csv
  raw_row_count   : 568,122
  present_columns : ['YEAR_MONTH', 'REGION_NAME', 'REGION_CODE', 'ICB_NAME', 'ICB_CODE', 'DISPENSER_ACCOUNT_TYPE', 'BNF_PRESENTATION_CODE', 'BNF_PRESENTATION_NAME', 'SNOMED_CODE', 'SUPPLIER_NAME', 'UNIT_OF_MEASURE', 'GENERIC_BNF_EQUIVALENT_CODE', 'GENERIC_BNF_EQUIVALENT_NAME', 'BNF_CHEMICAL_SUBSTANCE_CODE', 'BNF_CHEMICAL_SUBSTANCE', 'BNF_PARAGRAPH_CODE', 'BNF_PARAGRAPH', 'BNF_SECTION_CODE', 'BNF_SECTION', 'BNF_CHAPTER_CODE', 'BNF_CHAPTER', 'PREP_CLASS', 'PRESCRIBED_PREP_CLASS', 'ITEMS', 'TOTAL_QUANTITY', 'NIC', 'PHARMACY_ADVANCED_SERVICE']
  columns_added   : ['BNF_CODE', 'QUANTITY', 'ADQUSAGE', 'ACTUAL_COST']
  columns_dropped : ['DISPENSER_ACCOUNT_TYPE', 'BNF_PRESENTATION_CODE', 'BNF_PRESENTATION_NAME', 'SNOMED_CODE', 'SUPPLIER_NAME', 'UNIT_OF_MEASURE', 'GENERIC_BNF_EQUIVALENT_CODE', 'GENERIC_BNF_EQUIVALENT_NAME', 'BNF_CHEMICAL_SUBSTANCE_CODE', 'BNF_CHEMICAL_SUBSTANCE', 'BNF_PARAGRAPH_CODE', 'BNF_PARAGRAPH', 'BNF_SECTION_CODE', 'BNF_SECTION', 'BNF_CHAPTER_CODE', 'BNF_CHAPTER', 'PREP_CLASS', 'PRESCRIBED_PREP_CLASS', 'PHARMACY_ADVANCED_SERVICE']
[FILE] PCA_202503.csv
  raw_row_count   : 575,537
  present_columns : ['YEAR_MONTH', 'REGION_NAME', 'REGION_CODE', 'ICB_NAME', 'ICB_CODE', 'DISPENSER_ACCOUNT_TYPE', 'BNF_PRESENTATION_CODE', 'BNF_PRESENTATION_NAME', 'SNOMED_CODE', 'SUPPLIER_NAME', 'UNIT_OF_MEASURE', 'GENERIC_BNF_EQUIVALENT_CODE', 'GENERIC_BNF_EQUIVALENT_NAME', 'BNF_CHEMICAL_SUBSTANCE_CODE', 'BNF_CHEMICAL_SUBSTANCE', 'BNF_PARAGRAPH_CODE', 'BNF_PARAGRAPH', 'BNF_SECTION_CODE', 'BNF_SECTION', 'BNF_CHAPTER_CODE', 'BNF_CHAPTER', 'PREP_CLASS', 'PRESCRIBED_PREP_CLASS', 'ITEMS', 'TOTAL_QUANTITY', 'NIC', 'PHARMACY_ADVANCED_SERVICE']
  columns_added   : ['BNF_CODE', 'QUANTITY', 'ADQUSAGE', 'ACTUAL_COST']
  columns_dropped : ['DISPENSER_ACCOUNT_TYPE', 'BNF_PRESENTATION_CODE', 'BNF_PRESENTATION_NAME', 'SNOMED_CODE', 'SUPPLIER_NAME', 'UNIT_OF_MEASURE', 'GENERIC_BNF_EQUIVALENT_CODE', 'GENERIC_BNF_EQUIVALENT_NAME', 'BNF_CHEMICAL_SUBSTANCE_CODE', 'BNF_CHEMICAL_SUBSTANCE', 'BNF_PARAGRAPH_CODE', 'BNF_PARAGRAPH', 'BNF_SECTION_CODE', 'BNF_SECTION', 'BNF_CHAPTER_CODE', 'BNF_CHAPTER', 'PREP_CLASS', 'PRESCRIBED_PREP_CLASS', 'PHARMACY_ADVANCED_SERVICE']
[FILE] PCA_202504.csv
  raw_row_count   : 570,922
  present_columns : ['YEAR_MONTH', 'REGION_NAME', 'REGION_CODE', 'ICB_NAME', 'ICB_CODE', 'DISPENSER_ACCOUNT_TYPE', 'BNF_PRESENTATION_CODE', 'BNF_PRESENTATION_NAME', 'SNOMED_CODE', 'SUPPLIER_NAME', 'UNIT_OF_MEASURE', 'GENERIC_BNF_EQUIVALENT_CODE', 'GENERIC_BNF_EQUIVALENT_NAME', 'BNF_CHEMICAL_SUBSTANCE_CODE', 'BNF_CHEMICAL_SUBSTANCE', 'BNF_PARAGRAPH_CODE', 'BNF_PARAGRAPH', 'BNF_SECTION_CODE', 'BNF_SECTION', 'BNF_CHAPTER_CODE', 'BNF_CHAPTER', 'PREP_CLASS', 'PRESCRIBED_PREP_CLASS', 'ITEMS', 'TOTAL_QUANTITY', 'NIC', 'PHARMACY_ADVANCED_SERVICE']
  columns_added   : ['BNF_CODE', 'QUANTITY', 'ADQUSAGE', 'ACTUAL_COST']
  columns_dropped : ['DISPENSER_ACCOUNT_TYPE', 'BNF_PRESENTATION_CODE', 'BNF_PRESENTATION_NAME', 'SNOMED_CODE', 'SUPPLIER_NAME', 'UNIT_OF_MEASURE', 'GENERIC_BNF_EQUIVALENT_CODE', 'GENERIC_BNF_EQUIVALENT_NAME', 'BNF_CHEMICAL_SUBSTANCE_CODE', 'BNF_CHEMICAL_SUBSTANCE', 'BNF_PARAGRAPH_CODE', 'BNF_PARAGRAPH', 'BNF_SECTION_CODE', 'BNF_SECTION', 'BNF_CHAPTER_CODE', 'BNF_CHAPTER', 'PREP_CLASS', 'PRESCRIBED_PREP_CLASS', 'PHARMACY_ADVANCED_SERVICE']
[FILE] PCA_202505.csv
  raw_row_count   : 579,160
  present_columns : ['YEAR_MONTH', 'REGION_NAME', 'REGION_CODE', 'ICB_NAME', 'ICB_CODE', 'DISPENSER_ACCOUNT_TYPE', 'BNF_PRESENTATION_CODE', 'BNF_PRESENTATION_NAME', 'SNOMED_CODE', 'SUPPLIER_NAME', 'UNIT_OF_MEASURE', 'GENERIC_BNF_EQUIVALENT_CODE', 'GENERIC_BNF_EQUIVALENT_NAME', 'BNF_CHEMICAL_SUBSTANCE_CODE', 'BNF_CHEMICAL_SUBSTANCE', 'BNF_PARAGRAPH_CODE', 'BNF_PARAGRAPH', 'BNF_SECTION_CODE', 'BNF_SECTION', 'BNF_CHAPTER_CODE', 'BNF_CHAPTER', 'PREP_CLASS', 'PRESCRIBED_PREP_CLASS', 'ITEMS', 'TOTAL_QUANTITY', 'NIC', 'PHARMACY_ADVANCED_SERVICE']
  columns_added   : ['BNF_CODE', 'QUANTITY', 'ADQUSAGE', 'ACTUAL_COST']
  columns_dropped : ['DISPENSER_ACCOUNT_TYPE', 'BNF_PRESENTATION_CODE', 'BNF_PRESENTATION_NAME', 'SNOMED_CODE', 'SUPPLIER_NAME', 'UNIT_OF_MEASURE', 'GENERIC_BNF_EQUIVALENT_CODE', 'GENERIC_BNF_EQUIVALENT_NAME', 'BNF_CHEMICAL_SUBSTANCE_CODE', 'BNF_CHEMICAL_SUBSTANCE', 'BNF_PARAGRAPH_CODE', 'BNF_PARAGRAPH', 'BNF_SECTION_CODE', 'BNF_SECTION', 'BNF_CHAPTER_CODE', 'BNF_CHAPTER', 'PREP_CLASS', 'PRESCRIBED_PREP_CLASS', 'PHARMACY_ADVANCED_SERVICE']
Parquet written : /Users/arunkumarbalaraman/uk_drug_shoratages/InterimData/PCA_202301_202505_agg.parquet
CSV written     : /Users/arunkumarbalaraman/uk_drug_shoratages/InterimData/PCA_202301_202505_agg.csv

TOTAL input rows : 16,107,892
Aggregated rows  : 9,620,426
=== END ===
