=== SCMD run @ 20250825_000331 ===
Source dir : /Users/arunkumarbalaraman/uk_drug_shoratages/SourceData/SecondaryCareMedicines
Patterns   : ('SCMD_PROVISIONAL_*.csv',)
Period     : 202301 → 202505
Chunk size : 3000000
[FILE] SCMD_PROVISIONAL_202301.csv
  raw_row_count   : 310,400
  present_columns : ['YEAR_MONTH', 'ODS_CODE', 'VMP_SNOMED_CODE', 'VMP_PRODUCT_NAME', 'UNIT_OF_MEASURE_IDENTIFIER', 'UNIT_OF_MEASURE_NAME', 'TOTAL_QUANITY_IN_VMP_UNIT', 'INDICATIVE_COST']
  columns_added   : ['ODSCode', 'VMP_Code', 'QUANTITY', 'ITEMS', 'TOTAL_QUANTITY', 'ADQUSAGE', 'NIC', 'ACTUAL_COST']
  columns_dropped : ['ODS_CODE', 'VMP_SNOMED_CODE', 'VMP_PRODUCT_NAME', 'UNIT_OF_MEASURE_IDENTIFIER', 'UNIT_OF_MEASURE_NAME', 'TOTAL_QUANITY_IN_VMP_UNIT', 'INDICATIVE_COST']
[FILE] SCMD_PROVISIONAL_202302.csv
  raw_row_count   : 307,215
  present_columns : ['YEAR_MONTH', 'ODS_CODE', 'VMP_SNOMED_CODE', 'VMP_PRODUCT_NAME', 'UNIT_OF_MEASURE_IDENTIFIER', 'UNIT_OF_MEASURE_NAME', 'TOTAL_QUANITY_IN_VMP_UNIT', 'INDICATIVE_COST']
  columns_added   : ['ODSCode', 'VMP_Code', 'QUANTITY', 'ITEMS', 'TOTAL_QUANTITY', 'ADQUSAGE', 'NIC', 'ACTUAL_COST']
  columns_dropped : ['ODS_CODE', 'VMP_SNOMED_CODE', 'VMP_PRODUCT_NAME', 'UNIT_OF_MEASURE_IDENTIFIER', 'UNIT_OF_MEASURE_NAME', 'TOTAL_QUANITY_IN_VMP_UNIT', 'INDICATIVE_COST']
[FILE] SCMD_PROVISIONAL_202303.csv
  raw_row_count   : 316,957
  present_columns : ['YEAR_MONTH', 'ODS_CODE', 'VMP_SNOMED_CODE', 'VMP_PRODUCT_NAME', 'UNIT_OF_MEASURE_IDENTIFIER', 'UNIT_OF_MEASURE_NAME', 'TOTAL_QUANITY_IN_VMP_UNIT', 'INDICATIVE_COST']
  columns_added   : ['ODSCode', 'VMP_Code', 'QUANTITY', 'ITEMS', 'TOTAL_QUANTITY', 'ADQUSAGE', 'NIC', 'ACTUAL_COST']
  columns_dropped : ['ODS_CODE', 'VMP_SNOMED_CODE', 'VMP_PRODUCT_NAME', 'UNIT_OF_MEASURE_IDENTIFIER', 'UNIT_OF_MEASURE_NAME', 'TOTAL_QUANITY_IN_VMP_UNIT', 'INDICATIVE_COST']
[FILE] SCMD_PROVISIONAL_202304.csv
  raw_row_count   : 305,240
  present_columns : ['YEAR_MONTH', 'ODS_CODE', 'VMP_SNOMED_CODE', 'VMP_PRODUCT_NAME', 'UNIT_OF_MEASURE_IDENTIFIER', 'UNIT_OF_MEASURE_NAME', 'TOTAL_QUANITY_IN_VMP_UNIT', 'INDICATIVE_COST']
  columns_added   : ['ODSCode', 'VMP_Code', 'QUANTITY', 'ITEMS', 'TOTAL_QUANTITY', 'ADQUSAGE', 'NIC', 'ACTUAL_COST']
  columns_dropped : ['ODS_CODE', 'VMP_SNOMED_CODE', 'VMP_PRODUCT_NAME', 'UNIT_OF_MEASURE_IDENTIFIER', 'UNIT_OF_MEASURE_NAME', 'TOTAL_QUANITY_IN_VMP_UNIT', 'INDICATIVE_COST']
[FILE] SCMD_PROVISIONAL_202305.csv
  raw_row_count   : 310,234
  present_columns : ['YEAR_MONTH', 'ODS_CODE', 'VMP_SNOMED_CODE', 'VMP_PRODUCT_NAME', 'UNIT_OF_MEASURE_IDENTIFIER', 'UNIT_OF_MEASURE_NAME', 'TOTAL_QUANITY_IN_VMP_UNIT', 'INDICATIVE_COST']
  columns_added   : ['ODSCode', 'VMP_Code', 'QUANTITY', 'ITEMS', 'TOTAL_QUANTITY', 'ADQUSAGE', 'NIC', 'ACTUAL_COST']
  columns_dropped : ['ODS_CODE', 'VMP_SNOMED_CODE', 'VMP_PRODUCT_NAME', 'UNIT_OF_MEASURE_IDENTIFIER', 'UNIT_OF_MEASURE_NAME', 'TOTAL_QUANITY_IN_VMP_UNIT', 'INDICATIVE_COST']
[FILE] SCMD_PROVISIONAL_202306.csv
  raw_row_count   : 309,248
  present_columns : ['YEAR_MONTH', 'ODS_CODE', 'VMP_SNOMED_CODE', 'VMP_PRODUCT_NAME', 'UNIT_OF_MEASURE_IDENTIFIER', 'UNIT_OF_MEASURE_NAME', 'TOTAL_QUANITY_IN_VMP_UNIT', 'INDICATIVE_COST']
  columns_added   : ['ODSCode', 'VMP_Code', 'QUANTITY', 'ITEMS', 'TOTAL_QUANTITY', 'ADQUSAGE', 'NIC', 'ACTUAL_COST']
  columns_dropped : ['ODS_CODE', 'VMP_SNOMED_CODE', 'VMP_PRODUCT_NAME', 'UNIT_OF_MEASURE_IDENTIFIER', 'UNIT_OF_MEASURE_NAME', 'TOTAL_QUANITY_IN_VMP_UNIT', 'INDICATIVE_COST']
[FILE] SCMD_PROVISIONAL_202307.csv
  raw_row_count   : 306,744
  present_columns : ['YEAR_MONTH', 'ODS_CODE', 'VMP_SNOMED_CODE', 'VMP_PRODUCT_NAME', 'UNIT_OF_MEASURE_IDENTIFIER', 'UNIT_OF_MEASURE_NAME', 'TOTAL_QUANITY_IN_VMP_UNIT', 'INDICATIVE_COST']
  columns_added   : ['ODSCode', 'VMP_Code', 'QUANTITY', 'ITEMS', 'TOTAL_QUANTITY', 'ADQUSAGE', 'NIC', 'ACTUAL_COST']
  columns_dropped : ['ODS_CODE', 'VMP_SNOMED_CODE', 'VMP_PRODUCT_NAME', 'UNIT_OF_MEASURE_IDENTIFIER', 'UNIT_OF_MEASURE_NAME', 'TOTAL_QUANITY_IN_VMP_UNIT', 'INDICATIVE_COST']
[FILE] SCMD_PROVISIONAL_202308.csv
  raw_row_count   : 305,568
  present_columns : ['YEAR_MONTH', 'ODS_CODE', 'VMP_SNOMED_CODE', 'VMP_PRODUCT_NAME', 'UNIT_OF_MEASURE_IDENTIFIER', 'UNIT_OF_MEASURE_NAME', 'TOTAL_QUANITY_IN_VMP_UNIT', 'INDICATIVE_COST']
  columns_added   : ['ODSCode', 'VMP_Code', 'QUANTITY', 'ITEMS', 'TOTAL_QUANTITY', 'ADQUSAGE', 'NIC', 'ACTUAL_COST']
  columns_dropped : ['ODS_CODE', 'VMP_SNOMED_CODE', 'VMP_PRODUCT_NAME', 'UNIT_OF_MEASURE_IDENTIFIER', 'UNIT_OF_MEASURE_NAME', 'TOTAL_QUANITY_IN_VMP_UNIT', 'INDICATIVE_COST']
[FILE] SCMD_PROVISIONAL_202309.csv
  raw_row_count   : 303,464
  present_columns : ['YEAR_MONTH', 'ODS_CODE', 'VMP_SNOMED_CODE', 'VMP_PRODUCT_NAME', 'UNIT_OF_MEASURE_IDENTIFIER', 'UNIT_OF_MEASURE_NAME', 'TOTAL_QUANITY_IN_VMP_UNIT', 'INDICATIVE_COST']
  columns_added   : ['ODSCode', 'VMP_Code', 'QUANTITY', 'ITEMS', 'TOTAL_QUANTITY', 'ADQUSAGE', 'NIC', 'ACTUAL_COST']
  columns_dropped : ['ODS_CODE', 'VMP_SNOMED_CODE', 'VMP_PRODUCT_NAME', 'UNIT_OF_MEASURE_IDENTIFIER', 'UNIT_OF_MEASURE_NAME', 'TOTAL_QUANITY_IN_VMP_UNIT', 'INDICATIVE_COST']
[FILE] SCMD_PROVISIONAL_202310.csv
  raw_row_count   : 309,943
  present_columns : ['YEAR_MONTH', 'ODS_CODE', 'VMP_SNOMED_CODE', 'VMP_PRODUCT_NAME', 'UNIT_OF_MEASURE_IDENTIFIER', 'UNIT_OF_MEASURE_NAME', 'TOTAL_QUANITY_IN_VMP_UNIT', 'INDICATIVE_COST']
  columns_added   : ['ODSCode', 'VMP_Code', 'QUANTITY', 'ITEMS', 'TOTAL_QUANTITY', 'ADQUSAGE', 'NIC', 'ACTUAL_COST']
  columns_dropped : ['ODS_CODE', 'VMP_SNOMED_CODE', 'VMP_PRODUCT_NAME', 'UNIT_OF_MEASURE_IDENTIFIER', 'UNIT_OF_MEASURE_NAME', 'TOTAL_QUANITY_IN_VMP_UNIT', 'INDICATIVE_COST']
[FILE] SCMD_PROVISIONAL_202311.csv
  raw_row_count   : 306,831
  present_columns : ['YEAR_MONTH', 'ODS_CODE', 'VMP_SNOMED_CODE', 'VMP_PRODUCT_NAME', 'UNIT_OF_MEASURE_IDENTIFIER', 'UNIT_OF_MEASURE_NAME', 'TOTAL_QUANITY_IN_VMP_UNIT', 'INDICATIVE_COST']
  columns_added   : ['ODSCode', 'VMP_Code', 'QUANTITY', 'ITEMS', 'TOTAL_QUANTITY', 'ADQUSAGE', 'NIC', 'ACTUAL_COST']
  columns_dropped : ['ODS_CODE', 'VMP_SNOMED_CODE', 'VMP_PRODUCT_NAME', 'UNIT_OF_MEASURE_IDENTIFIER', 'UNIT_OF_MEASURE_NAME', 'TOTAL_QUANITY_IN_VMP_UNIT', 'INDICATIVE_COST']
[FILE] SCMD_PROVISIONAL_202312.csv
  raw_row_count   : 303,065
  present_columns : ['YEAR_MONTH', 'ODS_CODE', 'VMP_SNOMED_CODE', 'VMP_PRODUCT_NAME', 'UNIT_OF_MEASURE_IDENTIFIER', 'UNIT_OF_MEASURE_NAME', 'TOTAL_QUANITY_IN_VMP_UNIT', 'INDICATIVE_COST']
  columns_added   : ['ODSCode', 'VMP_Code', 'QUANTITY', 'ITEMS', 'TOTAL_QUANTITY', 'ADQUSAGE', 'NIC', 'ACTUAL_COST']
  columns_dropped : ['ODS_CODE', 'VMP_SNOMED_CODE', 'VMP_PRODUCT_NAME', 'UNIT_OF_MEASURE_IDENTIFIER', 'UNIT_OF_MEASURE_NAME', 'TOTAL_QUANITY_IN_VMP_UNIT', 'INDICATIVE_COST']
[FILE] SCMD_PROVISIONAL_202401.csv
  raw_row_count   : 310,396
  present_columns : ['YEAR_MONTH', 'ODS_CODE', 'VMP_SNOMED_CODE', 'VMP_PRODUCT_NAME', 'UNIT_OF_MEASURE_IDENTIFIER', 'UNIT_OF_MEASURE_NAME', 'TOTAL_QUANITY_IN_VMP_UNIT', 'INDICATIVE_COST']
  columns_added   : ['ODSCode', 'VMP_Code', 'QUANTITY', 'ITEMS', 'TOTAL_QUANTITY', 'ADQUSAGE', 'NIC', 'ACTUAL_COST']
  columns_dropped : ['ODS_CODE', 'VMP_SNOMED_CODE', 'VMP_PRODUCT_NAME', 'UNIT_OF_MEASURE_IDENTIFIER', 'UNIT_OF_MEASURE_NAME', 'TOTAL_QUANITY_IN_VMP_UNIT', 'INDICATIVE_COST']
[FILE] SCMD_PROVISIONAL_202402.csv
  raw_row_count   : 305,757
  present_columns : ['YEAR_MONTH', 'ODS_CODE', 'VMP_SNOMED_CODE', 'VMP_PRODUCT_NAME', 'UNIT_OF_MEASURE_IDENTIFIER', 'UNIT_OF_MEASURE_NAME', 'TOTAL_QUANITY_IN_VMP_UNIT', 'INDICATIVE_COST']
  columns_added   : ['ODSCode', 'VMP_Code', 'QUANTITY', 'ITEMS', 'TOTAL_QUANTITY', 'ADQUSAGE', 'NIC', 'ACTUAL_COST']
  columns_dropped : ['ODS_CODE', 'VMP_SNOMED_CODE', 'VMP_PRODUCT_NAME', 'UNIT_OF_MEASURE_IDENTIFIER', 'UNIT_OF_MEASURE_NAME', 'TOTAL_QUANITY_IN_VMP_UNIT', 'INDICATIVE_COST']
[FILE] SCMD_PROVISIONAL_202403.csv
  raw_row_count   : 308,290
  present_columns : ['YEAR_MONTH', 'ODS_CODE', 'VMP_SNOMED_CODE', 'VMP_PRODUCT_NAME', 'UNIT_OF_MEASURE_IDENTIFIER', 'UNIT_OF_MEASURE_NAME', 'TOTAL_QUANITY_IN_VMP_UNIT', 'INDICATIVE_COST']
  columns_added   : ['ODSCode', 'VMP_Code', 'QUANTITY', 'ITEMS', 'TOTAL_QUANTITY', 'ADQUSAGE', 'NIC', 'ACTUAL_COST']
  columns_dropped : ['ODS_CODE', 'VMP_SNOMED_CODE', 'VMP_PRODUCT_NAME', 'UNIT_OF_MEASURE_IDENTIFIER', 'UNIT_OF_MEASURE_NAME', 'TOTAL_QUANITY_IN_VMP_UNIT', 'INDICATIVE_COST']
[FILE] SCMD_PROVISIONAL_202404.csv
  raw_row_count   : 307,393
  present_columns : ['YEAR_MONTH', 'ODS_CODE', 'VMP_SNOMED_CODE', 'VMP_PRODUCT_NAME', 'UNIT_OF_MEASURE_IDENTIFIER', 'UNIT_OF_MEASURE_NAME', 'TOTAL_QUANITY_IN_VMP_UNIT', 'INDICATIVE_COST']
  columns_added   : ['ODSCode', 'VMP_Code', 'QUANTITY', 'ITEMS', 'TOTAL_QUANTITY', 'ADQUSAGE', 'NIC', 'ACTUAL_COST']
  columns_dropped : ['ODS_CODE', 'VMP_SNOMED_CODE', 'VMP_PRODUCT_NAME', 'UNIT_OF_MEASURE_IDENTIFIER', 'UNIT_OF_MEASURE_NAME', 'TOTAL_QUANITY_IN_VMP_UNIT', 'INDICATIVE_COST']
[FILE] SCMD_PROVISIONAL_202405.csv
  raw_row_count   : 309,070
  present_columns : ['YEAR_MONTH', 'ODS_CODE', 'VMP_SNOMED_CODE', 'VMP_PRODUCT_NAME', 'UNIT_OF_MEASURE_IDENTIFIER', 'UNIT_OF_MEASURE_NAME', 'TOTAL_QUANITY_IN_VMP_UNIT', 'INDICATIVE_COST']
  columns_added   : ['ODSCode', 'VMP_Code', 'QUANTITY', 'ITEMS', 'TOTAL_QUANTITY', 'ADQUSAGE', 'NIC', 'ACTUAL_COST']
  columns_dropped : ['ODS_CODE', 'VMP_SNOMED_CODE', 'VMP_PRODUCT_NAME', 'UNIT_OF_MEASURE_IDENTIFIER', 'UNIT_OF_MEASURE_NAME', 'TOTAL_QUANITY_IN_VMP_UNIT', 'INDICATIVE_COST']
[FILE] SCMD_PROVISIONAL_202406.csv
  raw_row_count   : 303,969
  present_columns : ['YEAR_MONTH', 'ODS_CODE', 'VMP_SNOMED_CODE', 'VMP_PRODUCT_NAME', 'UNIT_OF_MEASURE_IDENTIFIER', 'UNIT_OF_MEASURE_NAME', 'TOTAL_QUANITY_IN_VMP_UNIT', 'INDICATIVE_COST']
  columns_added   : ['ODSCode', 'VMP_Code', 'QUANTITY', 'ITEMS', 'TOTAL_QUANTITY', 'ADQUSAGE', 'NIC', 'ACTUAL_COST']
  columns_dropped : ['ODS_CODE', 'VMP_SNOMED_CODE', 'VMP_PRODUCT_NAME', 'UNIT_OF_MEASURE_IDENTIFIER', 'UNIT_OF_MEASURE_NAME', 'TOTAL_QUANITY_IN_VMP_UNIT', 'INDICATIVE_COST']
[FILE] SCMD_PROVISIONAL_202407.csv
  raw_row_count   : 313,958
  present_columns : ['YEAR_MONTH', 'ODS_CODE', 'VMP_SNOMED_CODE', 'VMP_PRODUCT_NAME', 'UNIT_OF_MEASURE_IDENTIFIER', 'UNIT_OF_MEASURE_NAME', 'TOTAL_QUANITY_IN_VMP_UNIT', 'INDICATIVE_COST']
  columns_added   : ['ODSCode', 'VMP_Code', 'QUANTITY', 'ITEMS', 'TOTAL_QUANTITY', 'ADQUSAGE', 'NIC', 'ACTUAL_COST']
  columns_dropped : ['ODS_CODE', 'VMP_SNOMED_CODE', 'VMP_PRODUCT_NAME', 'UNIT_OF_MEASURE_IDENTIFIER', 'UNIT_OF_MEASURE_NAME', 'TOTAL_QUANITY_IN_VMP_UNIT', 'INDICATIVE_COST']
[FILE] SCMD_PROVISIONAL_202408.csv
  raw_row_count   : 313,371
  present_columns : ['YEAR_MONTH', 'ODS_CODE', 'VMP_SNOMED_CODE', 'VMP_PRODUCT_NAME', 'UNIT_OF_MEASURE_IDENTIFIER', 'UNIT_OF_MEASURE_NAME', 'TOTAL_QUANITY_IN_VMP_UNIT', 'INDICATIVE_COST']
  columns_added   : ['ODSCode', 'VMP_Code', 'QUANTITY', 'ITEMS', 'TOTAL_QUANTITY', 'ADQUSAGE', 'NIC', 'ACTUAL_COST']
  columns_dropped : ['ODS_CODE', 'VMP_SNOMED_CODE', 'VMP_PRODUCT_NAME', 'UNIT_OF_MEASURE_IDENTIFIER', 'UNIT_OF_MEASURE_NAME', 'TOTAL_QUANITY_IN_VMP_UNIT', 'INDICATIVE_COST']
[FILE] SCMD_PROVISIONAL_202409.csv
  raw_row_count   : 315,303
  present_columns : ['YEAR_MONTH', 'ODS_CODE', 'VMP_SNOMED_CODE', 'VMP_PRODUCT_NAME', 'UNIT_OF_MEASURE_IDENTIFIER', 'UNIT_OF_MEASURE_NAME', 'TOTAL_QUANITY_IN_VMP_UNIT', 'INDICATIVE_COST']
  columns_added   : ['ODSCode', 'VMP_Code', 'QUANTITY', 'ITEMS', 'TOTAL_QUANTITY', 'ADQUSAGE', 'NIC', 'ACTUAL_COST']
  columns_dropped : ['ODS_CODE', 'VMP_SNOMED_CODE', 'VMP_PRODUCT_NAME', 'UNIT_OF_MEASURE_IDENTIFIER', 'UNIT_OF_MEASURE_NAME', 'TOTAL_QUANITY_IN_VMP_UNIT', 'INDICATIVE_COST']
[FILE] SCMD_PROVISIONAL_202410.csv
  raw_row_count   : 322,186
  present_columns : ['YEAR_MONTH', 'ODS_CODE', 'VMP_SNOMED_CODE', 'VMP_PRODUCT_NAME', 'UNIT_OF_MEASURE_IDENTIFIER', 'UNIT_OF_MEASURE_NAME', 'TOTAL_QUANITY_IN_VMP_UNIT', 'INDICATIVE_COST']
  columns_added   : ['ODSCode', 'VMP_Code', 'QUANTITY', 'ITEMS', 'TOTAL_QUANTITY', 'ADQUSAGE', 'NIC', 'ACTUAL_COST']
  columns_dropped : ['ODS_CODE', 'VMP_SNOMED_CODE', 'VMP_PRODUCT_NAME', 'UNIT_OF_MEASURE_IDENTIFIER', 'UNIT_OF_MEASURE_NAME', 'TOTAL_QUANITY_IN_VMP_UNIT', 'INDICATIVE_COST']
[FILE] SCMD_PROVISIONAL_202411.csv
  raw_row_count   : 319,932
  present_columns : ['YEAR_MONTH', 'ODS_CODE', 'VMP_SNOMED_CODE', 'VMP_PRODUCT_NAME', 'UNIT_OF_MEASURE_IDENTIFIER', 'UNIT_OF_MEASURE_NAME', 'TOTAL_QUANITY_IN_VMP_UNIT', 'INDICATIVE_COST']
  columns_added   : ['ODSCode', 'VMP_Code', 'QUANTITY', 'ITEMS', 'TOTAL_QUANTITY', 'ADQUSAGE', 'NIC', 'ACTUAL_COST']
  columns_dropped : ['ODS_CODE', 'VMP_SNOMED_CODE', 'VMP_PRODUCT_NAME', 'UNIT_OF_MEASURE_IDENTIFIER', 'UNIT_OF_MEASURE_NAME', 'TOTAL_QUANITY_IN_VMP_UNIT', 'INDICATIVE_COST']
[FILE] SCMD_PROVISIONAL_202412.csv
  raw_row_count   : 319,293
  present_columns : ['YEAR_MONTH', 'ODS_CODE', 'VMP_SNOMED_CODE', 'VMP_PRODUCT_NAME', 'UNIT_OF_MEASURE_IDENTIFIER', 'UNIT_OF_MEASURE_NAME', 'TOTAL_QUANITY_IN_VMP_UNIT', 'INDICATIVE_COST']
  columns_added   : ['ODSCode', 'VMP_Code', 'QUANTITY', 'ITEMS', 'TOTAL_QUANTITY', 'ADQUSAGE', 'NIC', 'ACTUAL_COST']
  columns_dropped : ['ODS_CODE', 'VMP_SNOMED_CODE', 'VMP_PRODUCT_NAME', 'UNIT_OF_MEASURE_IDENTIFIER', 'UNIT_OF_MEASURE_NAME', 'TOTAL_QUANITY_IN_VMP_UNIT', 'INDICATIVE_COST']
[FILE] SCMD_PROVISIONAL_202501.csv
  raw_row_count   : 322,298
  present_columns : ['YEAR_MONTH', 'ODS_CODE', 'VMP_SNOMED_CODE', 'VMP_PRODUCT_NAME', 'UNIT_OF_MEASURE_IDENTIFIER', 'UNIT_OF_MEASURE_NAME', 'TOTAL_QUANITY_IN_VMP_UNIT', 'INDICATIVE_COST']
  columns_added   : ['ODSCode', 'VMP_Code', 'QUANTITY', 'ITEMS', 'TOTAL_QUANTITY', 'ADQUSAGE', 'NIC', 'ACTUAL_COST']
  columns_dropped : ['ODS_CODE', 'VMP_SNOMED_CODE', 'VMP_PRODUCT_NAME', 'UNIT_OF_MEASURE_IDENTIFIER', 'UNIT_OF_MEASURE_NAME', 'TOTAL_QUANITY_IN_VMP_UNIT', 'INDICATIVE_COST']
[FILE] SCMD_PROVISIONAL_202502.csv
  raw_row_count   : 313,544
  present_columns : ['YEAR_MONTH', 'ODS_CODE', 'VMP_SNOMED_CODE', 'VMP_PRODUCT_NAME', 'UNIT_OF_MEASURE_IDENTIFIER', 'UNIT_OF_MEASURE_NAME', 'TOTAL_QUANITY_IN_VMP_UNIT', 'INDICATIVE_COST']
  columns_added   : ['ODSCode', 'VMP_Code', 'QUANTITY', 'ITEMS', 'TOTAL_QUANTITY', 'ADQUSAGE', 'NIC', 'ACTUAL_COST']
  columns_dropped : ['ODS_CODE', 'VMP_SNOMED_CODE', 'VMP_PRODUCT_NAME', 'UNIT_OF_MEASURE_IDENTIFIER', 'UNIT_OF_MEASURE_NAME', 'TOTAL_QUANITY_IN_VMP_UNIT', 'INDICATIVE_COST']
[FILE] SCMD_PROVISIONAL_202503.csv
  raw_row_count   : 318,082
  present_columns : ['YEAR_MONTH', 'ODS_CODE', 'VMP_SNOMED_CODE', 'VMP_PRODUCT_NAME', 'UNIT_OF_MEASURE_IDENTIFIER', 'UNIT_OF_MEASURE_NAME', 'TOTAL_QUANITY_IN_VMP_UNIT', 'INDICATIVE_COST']
  columns_added   : ['ODSCode', 'VMP_Code', 'QUANTITY', 'ITEMS', 'TOTAL_QUANTITY', 'ADQUSAGE', 'NIC', 'ACTUAL_COST']
  columns_dropped : ['ODS_CODE', 'VMP_SNOMED_CODE', 'VMP_PRODUCT_NAME', 'UNIT_OF_MEASURE_IDENTIFIER', 'UNIT_OF_MEASURE_NAME', 'TOTAL_QUANITY_IN_VMP_UNIT', 'INDICATIVE_COST']
[FILE] SCMD_PROVISIONAL_202504.csv
  raw_row_count   : 314,243
  present_columns : ['YEAR_MONTH', 'ODS_CODE', 'VMP_SNOMED_CODE', 'VMP_PRODUCT_NAME', 'UNIT_OF_MEASURE_IDENTIFIER', 'UNIT_OF_MEASURE_NAME', 'TOTAL_QUANITY_IN_VMP_UNIT', 'INDICATIVE_COST']
  columns_added   : ['ODSCode', 'VMP_Code', 'QUANTITY', 'ITEMS', 'TOTAL_QUANTITY', 'ADQUSAGE', 'NIC', 'ACTUAL_COST']
  columns_dropped : ['ODS_CODE', 'VMP_SNOMED_CODE', 'VMP_PRODUCT_NAME', 'UNIT_OF_MEASURE_IDENTIFIER', 'UNIT_OF_MEASURE_NAME', 'TOTAL_QUANITY_IN_VMP_UNIT', 'INDICATIVE_COST']
[FILE] SCMD_PROVISIONAL_202505.csv
  raw_row_count   : 315,963
  present_columns : ['YEAR_MONTH', 'ODS_CODE', 'VMP_SNOMED_CODE', 'VMP_PRODUCT_NAME', 'UNIT_OF_MEASURE_IDENTIFIER', 'UNIT_OF_MEASURE_NAME', 'TOTAL_QUANITY_IN_VMP_UNIT', 'INDICATIVE_COST']
  columns_added   : ['ODSCode', 'VMP_Code', 'QUANTITY', 'ITEMS', 'TOTAL_QUANTITY', 'ADQUSAGE', 'NIC', 'ACTUAL_COST']
  columns_dropped : ['ODS_CODE', 'VMP_SNOMED_CODE', 'VMP_PRODUCT_NAME', 'UNIT_OF_MEASURE_IDENTIFIER', 'UNIT_OF_MEASURE_NAME', 'TOTAL_QUANITY_IN_VMP_UNIT', 'INDICATIVE_COST']
Parquet written : /Users/arunkumarbalaraman/uk_drug_shoratages/InterimData/SCMD_202301_202505_agg.parquet
CSV written     : /Users/arunkumarbalaraman/uk_drug_shoratages/InterimData/SCMD_202301_202505_agg.csv

TOTAL input rows : 9,027,957
Aggregated rows  : 9,027,957
=== END ===
